2015-10-08 20:56:14 WARN  [5083] Has rendered already: AccountController#login
2015-10-08 20:57:19 WARN  [5379] Has rendered already: AccountController#login
2015-10-08 20:57:26 WARN  [5382] Has rendered already: AccountController#login
2015-10-08 21:00:20 ERROR [5792] Unable to redirect. Has rendered already: AccountController#profile
2015-10-08 21:00:20 WARN  [5792] Has rendered already: AccountController#registration
2015-10-08 21:00:24 ERROR [5793] Unable to redirect. Has rendered already: AccountController#profile
2015-10-08 21:00:24 WARN  [5793] Has rendered already: AccountController#registration
2015-10-08 21:01:26 WARN  [5928] Has rendered already: CodesController#entry
2015-10-08 21:01:26 WARN  [5928] Has rendered already: CodesController#entry
2015-10-08 21:05:01 WARN  [6220] Has rendered already: CodesController#entry
2015-10-08 21:05:01 WARN  [6220] Has rendered already: CodesController#entry
2015-10-08 21:05:05 WARN  [6220] Has rendered already: CodesController#entry
2015-10-08 21:05:05 WARN  [6220] Has rendered already: CodesController#entry
2015-10-08 21:05:16 WARN  [6220] Has rendered already: AccountController#login
2015-10-08 21:05:16 WARN  [6220] Has rendered already: CodesController#index
2015-10-08 21:05:17 WARN  [6220] Has rendered already: CodesController#index
2015-10-08 21:05:19 ERROR [6220] Unable to redirect. Has rendered already: AccountController#login
2015-10-08 21:05:19 WARN  [6220] Has rendered already: AccountController#login
2015-10-08 21:05:21 ERROR [6220] Unable to redirect. Has rendered already: AccountController#login
2015-10-08 21:05:21 WARN  [6220] Has rendered already: AccountController#login
2015-10-08 21:05:27 WARN  [6262] Has rendered already: AccountController#login
2015-10-08 21:05:27 WARN  [6262] Has rendered already: CodesController#index
2015-10-08 21:05:30 WARN  [6262] Has rendered already: CodesController#index
2015-10-08 21:05:32 WARN  [6262] Has rendered already: CodesController#index
2015-10-08 21:05:34 WARN  [6262] Has rendered already: CodesController#index
2015-10-08 21:07:56 WARN  [6453] Has rendered already: AccountController#login
2015-10-08 21:07:56 WARN  [6453] Has rendered already: CodesController#index
2015-10-08 21:07:57 WARN  [6453] Has rendered already: CodesController#index
2015-10-08 21:07:59 WARN  [6453] Has rendered already: CodesController#index
2015-10-08 21:08:03 WARN  [6453] Has rendered already: CodesController#index
2015-10-08 21:08:04 WARN  [6453] Has rendered already: CodesController#index
2015-10-08 21:08:06 WARN  [6453] Has rendered already: CodesController#index
2015-10-08 21:08:08 WARN  [6453] Has rendered already: CodesController#index
2015-10-08 21:08:16 WARN  [6479] Has rendered already: AccountController#login
2015-10-08 21:08:16 WARN  [6479] Has rendered already: CodesController#index
2015-10-08 21:08:18 WARN  [6479] Has rendered already: CodesController#index
2015-10-08 21:08:19 ERROR [6479] Unable to redirect. Has rendered already: AccountController#login
2015-10-08 21:08:19 WARN  [6479] Has rendered already: AccountController#login
2015-10-08 21:08:20 ERROR [6479] Unable to redirect. Has rendered already: AccountController#login
2015-10-08 21:08:20 WARN  [6479] Has rendered already: AccountController#login
2015-10-08 21:08:21 ERROR [6479] Unable to redirect. Has rendered already: AccountController#login
2015-10-08 21:08:21 WARN  [6479] Has rendered already: AccountController#login
2015-10-08 21:08:31 WARN  [6555] Has rendered already: AccountController#login
2015-10-08 21:08:40 WARN  [6559] Has rendered already: AccountController#login
2015-10-08 21:08:53 WARN  [6559] Has rendered already: AccountController#login
2015-10-08 21:09:03 WARN  [6555] Has rendered already: AccountController#login
2015-10-08 21:27:34 WARN  [7363] Has rendered already: CodesController#index
2015-10-08 21:27:37 WARN  [7363] Has rendered already: CodesController#index
2015-10-08 21:27:38 WARN  [7363] Has rendered already: CodesController#index
2015-10-08 21:27:40 WARN  [7363] Has rendered already: CodesController#index
2015-10-08 21:31:21 WARN  [7525] Has rendered already: CodesController#index
2015-10-08 21:33:02 WARN  [7631] Has rendered already: CodesController#index
2015-10-08 21:33:38 WARN  [7708] Has rendered already: CodesController#index
2015-10-08 21:36:20 WARN  [7848] Has rendered already: CodesController#index
2015-10-08 21:40:49 WARN  [8110] Has rendered already: CodesController#index
2015-10-08 21:42:21 WARN  [8206] Has rendered already: CodesController#index
2015-10-08 21:42:27 WARN  [8251] Has rendered already: CodesController#index
2015-10-08 21:42:27 WARN  [8251] Has rendered already: CodesController#index
2015-10-08 21:42:29 WARN  [8251] Has rendered already: CodesController#index
2015-10-08 21:42:30 WARN  [8251] Has rendered already: CodesController#index
2015-10-08 21:42:32 WARN  [8251] Has rendered already: CodesController#index
2015-10-08 21:42:58 WARN  [8323] Has rendered already: CodesController#index
2015-10-08 21:43:00 WARN  [8323] Has rendered already: CodesController#index
2015-10-08 21:46:12 WARN  [8426] Has rendered already: AccountController#login
