2015-09-27 23:23:22  [17495] [BEGIN] [databaseId:0]
2015-09-27 23:23:22  [17495] SELECT `id`, `username`, `email`, `encrypted_password`, `reset_password_token`, `reset_password_sent_at`, `remember_created_at`, `sign_in_count`, `current_sign_in_at`, `last_sign_in_at`, `current_sign_in_ip`, `last_sign_in_ip`, `confirmation_token`, `confirmed_at`, `confirmation_sent_at`, `unconfirmed_email`, `failed_attempts`, `unlock_token`, `locked_at`, `created_at`, `updated_at` FROM users WHERE username='KOPOJI' LIMIT 1
2015-09-27 23:23:22  [17495] UPDATE users SET updated_at='2015-09-27T23:23:22' WHERE id=1
2015-09-27 23:23:22  [17495] SELECT COUNT(1) FROM codes
2015-09-27 23:23:22  [17495] SELECT `id`, `title`, `code`, `code_url`, `status`, `created_at`, `updated_at`, `editable`, `user_id`, `show_from` FROM codes ORDER BY id DESC LIMIT 20
2015-09-27 23:23:22  [17495] [COMMIT] [databaseId:0]
2015-09-27 23:23:25  [17500] [BEGIN] [databaseId:0]
2015-09-27 23:23:25  [17500] SELECT `id`, `username`, `email`, `encrypted_password`, `reset_password_token`, `reset_password_sent_at`, `remember_created_at`, `sign_in_count`, `current_sign_in_at`, `last_sign_in_at`, `current_sign_in_ip`, `last_sign_in_ip`, `confirmation_token`, `confirmed_at`, `confirmation_sent_at`, `unconfirmed_email`, `failed_attempts`, `unlock_token`, `locked_at`, `created_at`, `updated_at` FROM users WHERE username='KOPOJI' LIMIT 1
2015-09-27 23:23:25  [17500] UPDATE users SET updated_at='2015-09-27T23:23:25' WHERE id=1
2015-09-27 23:23:25  [17500] SELECT `id`, `username`, `email`, `encrypted_password`, `reset_password_token`, `reset_password_sent_at`, `remember_created_at`, `sign_in_count`, `current_sign_in_at`, `last_sign_in_at`, `current_sign_in_ip`, `last_sign_in_ip`, `confirmation_token`, `confirmed_at`, `confirmation_sent_at`, `unconfirmed_email`, `failed_attempts`, `unlock_token`, `locked_at`, `created_at`, `updated_at` FROM users WHERE username='KOPOJI' LIMIT 1
2015-09-27 23:23:25  [17500] UPDATE users SET updated_at='2015-09-27T23:23:25' WHERE id=1
2015-09-27 23:23:25  [17500] SELECT `id`, `username`, `email`, `encrypted_password`, `reset_password_token`, `reset_password_sent_at`, `remember_created_at`, `sign_in_count`, `current_sign_in_at`, `last_sign_in_at`, `current_sign_in_ip`, `last_sign_in_ip`, `confirmation_token`, `confirmed_at`, `confirmation_sent_at`, `unconfirmed_email`, `failed_attempts`, `unlock_token`, `locked_at`, `created_at`, `updated_at` FROM users WHERE username='KOPOJI' LIMIT 1
2015-09-27 23:23:25  [17500] [COMMIT] [databaseId:0]
2015-09-27 23:23:28  [17495] [BEGIN] [databaseId:0]
2015-09-27 23:23:28  [17495] SELECT `id`, `username`, `email`, `encrypted_password`, `reset_password_token`, `reset_password_sent_at`, `remember_created_at`, `sign_in_count`, `current_sign_in_at`, `last_sign_in_at`, `current_sign_in_ip`, `last_sign_in_ip`, `confirmation_token`, `confirmed_at`, `confirmation_sent_at`, `unconfirmed_email`, `failed_attempts`, `unlock_token`, `locked_at`, `created_at`, `updated_at` FROM users WHERE username='KOPOJI' LIMIT 1
2015-09-27 23:23:28  [17495] UPDATE users SET updated_at='2015-09-27T23:23:28' WHERE id=1
2015-09-27 23:23:28  [17495] SELECT `id`, `title`, `code`, `code_url`, `status`, `created_at`, `updated_at`, `editable`, `user_id`, `show_from` FROM codes WHERE id=82 LIMIT 1
2015-09-27 23:23:28  [17495] SELECT `id`, `code_id`, `image`, `created_at`, `updated_at` FROM attachments WHERE code_id=82 ORDER BY id DESC
2015-09-27 23:23:28  [17495] [COMMIT] [databaseId:0]
2015-09-27 23:23:34  [17498] [BEGIN] [databaseId:0]
2015-09-27 23:23:34  [17498] SELECT `id`, `username`, `email`, `encrypted_password`, `reset_password_token`, `reset_password_sent_at`, `remember_created_at`, `sign_in_count`, `current_sign_in_at`, `last_sign_in_at`, `current_sign_in_ip`, `last_sign_in_ip`, `confirmation_token`, `confirmed_at`, `confirmation_sent_at`, `unconfirmed_email`, `failed_attempts`, `unlock_token`, `locked_at`, `created_at`, `updated_at` FROM users WHERE username='KOPOJI' LIMIT 1
2015-09-27 23:23:34  [17498] UPDATE users SET updated_at='2015-09-27T23:23:34' WHERE id=1
2015-09-27 23:23:34  [17498] SELECT `id`, `title`, `code`, `code_url`, `status`, `created_at`, `updated_at`, `editable`, `user_id`, `show_from` FROM codes WHERE id=81 LIMIT 1
2015-09-27 23:23:34  [17498] SELECT `id`, `code_id`, `image`, `created_at`, `updated_at` FROM attachments WHERE code_id=81 ORDER BY id DESC
2015-09-27 23:23:34  [17498] [COMMIT] [databaseId:0]
2015-09-27 23:27:34  [17635] [BEGIN] [databaseId:0]
2015-09-27 23:27:34  [17635] SELECT `id`, `username`, `email`, `encrypted_password`, `reset_password_token`, `reset_password_sent_at`, `remember_created_at`, `sign_in_count`, `current_sign_in_at`, `last_sign_in_at`, `current_sign_in_ip`, `last_sign_in_ip`, `confirmation_token`, `confirmed_at`, `confirmation_sent_at`, `unconfirmed_email`, `failed_attempts`, `unlock_token`, `locked_at`, `created_at`, `updated_at` FROM users WHERE username='KOPOJI' LIMIT 1
2015-09-27 23:27:34  [17635] UPDATE users SET updated_at='2015-09-27T23:27:34' WHERE id=1
2015-09-27 23:27:34  [17635] SELECT `id`, `title`, `code`, `code_url`, `status`, `created_at`, `updated_at`, `editable`, `user_id`, `show_from` FROM codes WHERE id=81 LIMIT 1
2015-09-27 23:27:34  [17635] SELECT COUNT(1) FROM codes
2015-09-27 23:27:34  [17635] SELECT `id`, `title`, `code`, `code_url`, `status`, `created_at`, `updated_at`, `editable`, `user_id`, `show_from` FROM codes ORDER BY id DESC LIMIT 20 OFFSET 60
2015-09-27 23:27:34  [17635] SELECT `id`, `code_id`, `image`, `created_at`, `updated_at` FROM attachments WHERE code_id=81 ORDER BY id DESC
2015-09-27 23:27:35  [17635] [COMMIT] [databaseId:0]
2015-09-27 23:27:36  [17635] [BEGIN] [databaseId:0]
2015-09-27 23:27:36  [17635] SELECT `id`, `username`, `email`, `encrypted_password`, `reset_password_token`, `reset_password_sent_at`, `remember_created_at`, `sign_in_count`, `current_sign_in_at`, `last_sign_in_at`, `current_sign_in_ip`, `last_sign_in_ip`, `confirmation_token`, `confirmed_at`, `confirmation_sent_at`, `unconfirmed_email`, `failed_attempts`, `unlock_token`, `locked_at`, `created_at`, `updated_at` FROM users WHERE username='KOPOJI' LIMIT 1
2015-09-27 23:27:36  [17635] UPDATE users SET updated_at='2015-09-27T23:27:36' WHERE id=1
2015-09-27 23:27:36  [17635] SELECT `id`, `title`, `code`, `code_url`, `status`, `created_at`, `updated_at`, `editable`, `user_id`, `show_from` FROM codes WHERE id=6 LIMIT 1
2015-09-27 23:27:36  [17635] SELECT `id`, `username`, `email`, `encrypted_password`, `reset_password_token`, `reset_password_sent_at`, `remember_created_at`, `sign_in_count`, `current_sign_in_at`, `last_sign_in_at`, `current_sign_in_ip`, `last_sign_in_ip`, `confirmation_token`, `confirmed_at`, `confirmation_sent_at`, `unconfirmed_email`, `failed_attempts`, `unlock_token`, `locked_at`, `created_at`, `updated_at` FROM users WHERE id=1 LIMIT 1
2015-09-27 23:27:36  [17635] SELECT `id`, `code_id`, `image`, `created_at`, `updated_at` FROM attachments WHERE code_id=6 ORDER BY id DESC
2015-09-27 23:27:36  [17635] [COMMIT] [databaseId:0]
2015-09-27 23:27:37  [17635] [BEGIN] [databaseId:0]
2015-09-27 23:27:37  [17635] SELECT `id`, `username`, `email`, `encrypted_password`, `reset_password_token`, `reset_password_sent_at`, `remember_created_at`, `sign_in_count`, `current_sign_in_at`, `last_sign_in_at`, `current_sign_in_ip`, `last_sign_in_ip`, `confirmation_token`, `confirmed_at`, `confirmation_sent_at`, `unconfirmed_email`, `failed_attempts`, `unlock_token`, `locked_at`, `created_at`, `updated_at` FROM users WHERE username='KOPOJI' LIMIT 1
2015-09-27 23:27:37  [17635] UPDATE users SET updated_at='2015-09-27T23:27:37' WHERE id=1
2015-09-27 23:27:37  [17635] SELECT `id`, `title`, `code`, `code_url`, `status`, `created_at`, `updated_at`, `editable`, `user_id`, `show_from` FROM codes WHERE id=7 LIMIT 1
2015-09-27 23:27:37  [17635] SELECT `id`, `username`, `email`, `encrypted_password`, `reset_password_token`, `reset_password_sent_at`, `remember_created_at`, `sign_in_count`, `current_sign_in_at`, `last_sign_in_at`, `current_sign_in_ip`, `last_sign_in_ip`, `confirmation_token`, `confirmed_at`, `confirmation_sent_at`, `unconfirmed_email`, `failed_attempts`, `unlock_token`, `locked_at`, `created_at`, `updated_at` FROM users WHERE id=1 LIMIT 1
2015-09-27 23:27:37  [17635] SELECT `id`, `code_id`, `image`, `created_at`, `updated_at` FROM attachments WHERE code_id=7 ORDER BY id DESC
2015-09-27 23:27:37  [17635] [COMMIT] [databaseId:0]
2015-09-27 23:27:38  [17635] [BEGIN] [databaseId:0]
2015-09-27 23:27:38  [17635] SELECT `id`, `username`, `email`, `encrypted_password`, `reset_password_token`, `reset_password_sent_at`, `remember_created_at`, `sign_in_count`, `current_sign_in_at`, `last_sign_in_at`, `current_sign_in_ip`, `last_sign_in_ip`, `confirmation_token`, `confirmed_at`, `confirmation_sent_at`, `unconfirmed_email`, `failed_attempts`, `unlock_token`, `locked_at`, `created_at`, `updated_at` FROM users WHERE username='KOPOJI' LIMIT 1
2015-09-27 23:27:38  [17635] UPDATE users SET updated_at='2015-09-27T23:27:38' WHERE id=1
2015-09-27 23:27:38  [17635] SELECT `id`, `title`, `code`, `code_url`, `status`, `created_at`, `updated_at`, `editable`, `user_id`, `show_from` FROM codes WHERE id=8 LIMIT 1
2015-09-27 23:27:38  [17635] SELECT `id`, `username`, `email`, `encrypted_password`, `reset_password_token`, `reset_password_sent_at`, `remember_created_at`, `sign_in_count`, `current_sign_in_at`, `last_sign_in_at`, `current_sign_in_ip`, `last_sign_in_ip`, `confirmation_token`, `confirmed_at`, `confirmation_sent_at`, `unconfirmed_email`, `failed_attempts`, `unlock_token`, `locked_at`, `created_at`, `updated_at` FROM users WHERE id=1 LIMIT 1
2015-09-27 23:27:38  [17635] SELECT `id`, `code_id`, `image`, `created_at`, `updated_at` FROM attachments WHERE code_id=8 ORDER BY id DESC
2015-09-27 23:27:38  [17635] [COMMIT] [databaseId:0]
2015-09-27 23:27:39  [17635] [BEGIN] [databaseId:0]
2015-09-27 23:27:39  [17635] SELECT `id`, `username`, `email`, `encrypted_password`, `reset_password_token`, `reset_password_sent_at`, `remember_created_at`, `sign_in_count`, `current_sign_in_at`, `last_sign_in_at`, `current_sign_in_ip`, `last_sign_in_ip`, `confirmation_token`, `confirmed_at`, `confirmation_sent_at`, `unconfirmed_email`, `failed_attempts`, `unlock_token`, `locked_at`, `created_at`, `updated_at` FROM users WHERE username='KOPOJI' LIMIT 1
2015-09-27 23:27:39  [17635] UPDATE users SET updated_at='2015-09-27T23:27:39' WHERE id=1
2015-09-27 23:27:39  [17635] SELECT `id`, `title`, `code`, `code_url`, `status`, `created_at`, `updated_at`, `editable`, `user_id`, `show_from` FROM codes WHERE id=9 LIMIT 1
2015-09-27 23:27:39  [17635] SELECT `id`, `username`, `email`, `encrypted_password`, `reset_password_token`, `reset_password_sent_at`, `remember_created_at`, `sign_in_count`, `current_sign_in_at`, `last_sign_in_at`, `current_sign_in_ip`, `last_sign_in_ip`, `confirmation_token`, `confirmed_at`, `confirmation_sent_at`, `unconfirmed_email`, `failed_attempts`, `unlock_token`, `locked_at`, `created_at`, `updated_at` FROM users WHERE id=1 LIMIT 1
2015-09-27 23:27:39  [17635] SELECT `id`, `code_id`, `image`, `created_at`, `updated_at` FROM attachments WHERE code_id=9 ORDER BY id DESC
2015-09-27 23:27:39  [17635] [COMMIT] [databaseId:0]
2015-09-27 23:27:41  [17635] [BEGIN] [databaseId:0]
2015-09-27 23:27:41  [17635] SELECT `id`, `username`, `email`, `encrypted_password`, `reset_password_token`, `reset_password_sent_at`, `remember_created_at`, `sign_in_count`, `current_sign_in_at`, `last_sign_in_at`, `current_sign_in_ip`, `last_sign_in_ip`, `confirmation_token`, `confirmed_at`, `confirmation_sent_at`, `unconfirmed_email`, `failed_attempts`, `unlock_token`, `locked_at`, `created_at`, `updated_at` FROM users WHERE username='KOPOJI' LIMIT 1
2015-09-27 23:27:41  [17635] UPDATE users SET updated_at='2015-09-27T23:27:41' WHERE id=1
2015-09-27 23:27:41  [17635] SELECT `id`, `title`, `code`, `code_url`, `status`, `created_at`, `updated_at`, `editable`, `user_id`, `show_from` FROM codes WHERE id=9 LIMIT 1
2015-09-27 23:27:41  [17635] SELECT `id`, `title`, `code`, `code_url`, `status`, `created_at`, `updated_at`, `editable`, `user_id`, `show_from` FROM codes ORDER BY id DESC LIMIT 20 OFFSET 40
2015-09-27 23:27:41  [17635] SELECT `id`, `username`, `email`, `encrypted_password`, `reset_password_token`, `reset_password_sent_at`, `remember_created_at`, `sign_in_count`, `current_sign_in_at`, `last_sign_in_at`, `current_sign_in_ip`, `last_sign_in_ip`, `confirmation_token`, `confirmed_at`, `confirmation_sent_at`, `unconfirmed_email`, `failed_attempts`, `unlock_token`, `locked_at`, `created_at`, `updated_at` FROM users WHERE id=1 LIMIT 1
2015-09-27 23:27:41  [17635] SELECT `id`, `code_id`, `image`, `created_at`, `updated_at` FROM attachments WHERE code_id=9 ORDER BY id DESC
2015-09-27 23:27:41  [17635] [COMMIT] [databaseId:0]
2015-09-27 23:27:42  [17635] [BEGIN] [databaseId:0]
2015-09-27 23:27:42  [17635] SELECT `id`, `username`, `email`, `encrypted_password`, `reset_password_token`, `reset_password_sent_at`, `remember_created_at`, `sign_in_count`, `current_sign_in_at`, `last_sign_in_at`, `current_sign_in_ip`, `last_sign_in_ip`, `confirmation_token`, `confirmed_at`, `confirmation_sent_at`, `unconfirmed_email`, `failed_attempts`, `unlock_token`, `locked_at`, `created_at`, `updated_at` FROM users WHERE username='KOPOJI' LIMIT 1
2015-09-27 23:27:42  [17635] UPDATE users SET updated_at='2015-09-27T23:27:42' WHERE id=1
2015-09-27 23:27:42  [17635] SELECT `id`, `title`, `code`, `code_url`, `status`, `created_at`, `updated_at`, `editable`, `user_id`, `show_from` FROM codes WHERE id=10 LIMIT 1
2015-09-27 23:27:42  [17635] SELECT `id`, `username`, `email`, `encrypted_password`, `reset_password_token`, `reset_password_sent_at`, `remember_created_at`, `sign_in_count`, `current_sign_in_at`, `last_sign_in_at`, `current_sign_in_ip`, `last_sign_in_ip`, `confirmation_token`, `confirmed_at`, `confirmation_sent_at`, `unconfirmed_email`, `failed_attempts`, `unlock_token`, `locked_at`, `created_at`, `updated_at` FROM users WHERE id=1 LIMIT 1
2015-09-27 23:27:42  [17635] SELECT `id`, `code_id`, `image`, `created_at`, `updated_at` FROM attachments WHERE code_id=10 ORDER BY id DESC
2015-09-27 23:27:42  [17635] [COMMIT] [databaseId:0]
2015-09-27 23:27:43  [17635] [BEGIN] [databaseId:0]
2015-09-27 23:27:43  [17635] SELECT `id`, `username`, `email`, `encrypted_password`, `reset_password_token`, `reset_password_sent_at`, `remember_created_at`, `sign_in_count`, `current_sign_in_at`, `last_sign_in_at`, `current_sign_in_ip`, `last_sign_in_ip`, `confirmation_token`, `confirmed_at`, `confirmation_sent_at`, `unconfirmed_email`, `failed_attempts`, `unlock_token`, `locked_at`, `created_at`, `updated_at` FROM users WHERE username='KOPOJI' LIMIT 1
2015-09-27 23:27:43  [17635] UPDATE users SET updated_at='2015-09-27T23:27:43' WHERE id=1
2015-09-27 23:27:43  [17635] SELECT `id`, `title`, `code`, `code_url`, `status`, `created_at`, `updated_at`, `editable`, `user_id`, `show_from` FROM codes WHERE id=11 LIMIT 1
2015-09-27 23:27:43  [17635] SELECT `id`, `username`, `email`, `encrypted_password`, `reset_password_token`, `reset_password_sent_at`, `remember_created_at`, `sign_in_count`, `current_sign_in_at`, `last_sign_in_at`, `current_sign_in_ip`, `last_sign_in_ip`, `confirmation_token`, `confirmed_at`, `confirmation_sent_at`, `unconfirmed_email`, `failed_attempts`, `unlock_token`, `locked_at`, `created_at`, `updated_at` FROM users WHERE id=1 LIMIT 1
2015-09-27 23:27:43  [17635] SELECT `id`, `code_id`, `image`, `created_at`, `updated_at` FROM attachments WHERE code_id=11 ORDER BY id DESC
2015-09-27 23:27:43  [17635] [COMMIT] [databaseId:0]
2015-09-27 23:27:44  [17635] [BEGIN] [databaseId:0]
2015-09-27 23:27:44  [17635] SELECT `id`, `username`, `email`, `encrypted_password`, `reset_password_token`, `reset_password_sent_at`, `remember_created_at`, `sign_in_count`, `current_sign_in_at`, `last_sign_in_at`, `current_sign_in_ip`, `last_sign_in_ip`, `confirmation_token`, `confirmed_at`, `confirmation_sent_at`, `unconfirmed_email`, `failed_attempts`, `unlock_token`, `locked_at`, `created_at`, `updated_at` FROM users WHERE username='KOPOJI' LIMIT 1
2015-09-27 23:27:44  [17635] UPDATE users SET updated_at='2015-09-27T23:27:44' WHERE id=1
2015-09-27 23:27:44  [17635] SELECT `id`, `title`, `code`, `code_url`, `status`, `created_at`, `updated_at`, `editable`, `user_id`, `show_from` FROM codes WHERE id=12 LIMIT 1
2015-09-27 23:27:44  [17635] SELECT `id`, `username`, `email`, `encrypted_password`, `reset_password_token`, `reset_password_sent_at`, `remember_created_at`, `sign_in_count`, `current_sign_in_at`, `last_sign_in_at`, `current_sign_in_ip`, `last_sign_in_ip`, `confirmation_token`, `confirmed_at`, `confirmation_sent_at`, `unconfirmed_email`, `failed_attempts`, `unlock_token`, `locked_at`, `created_at`, `updated_at` FROM users WHERE id=1 LIMIT 1
2015-09-27 23:27:44  [17635] SELECT `id`, `code_id`, `image`, `created_at`, `updated_at` FROM attachments WHERE code_id=12 ORDER BY id DESC
2015-09-27 23:27:44  [17635] [COMMIT] [databaseId:0]
2015-09-27 23:27:45  [17635] [BEGIN] [databaseId:0]
2015-09-27 23:27:45  [17635] SELECT `id`, `username`, `email`, `encrypted_password`, `reset_password_token`, `reset_password_sent_at`, `remember_created_at`, `sign_in_count`, `current_sign_in_at`, `last_sign_in_at`, `current_sign_in_ip`, `last_sign_in_ip`, `confirmation_token`, `confirmed_at`, `confirmation_sent_at`, `unconfirmed_email`, `failed_attempts`, `unlock_token`, `locked_at`, `created_at`, `updated_at` FROM users WHERE username='KOPOJI' LIMIT 1
2015-09-27 23:27:45  [17635] UPDATE users SET updated_at='2015-09-27T23:27:45' WHERE id=1
2015-09-27 23:27:45  [17635] SELECT `id`, `title`, `code`, `code_url`, `status`, `created_at`, `updated_at`, `editable`, `user_id`, `show_from` FROM codes WHERE id=14 LIMIT 1
2015-09-27 23:27:45  [17635] SELECT `id`, `username`, `email`, `encrypted_password`, `reset_password_token`, `reset_password_sent_at`, `remember_created_at`, `sign_in_count`, `current_sign_in_at`, `last_sign_in_at`, `current_sign_in_ip`, `last_sign_in_ip`, `confirmation_token`, `confirmed_at`, `confirmation_sent_at`, `unconfirmed_email`, `failed_attempts`, `unlock_token`, `locked_at`, `created_at`, `updated_at` FROM users WHERE id=1 LIMIT 1
2015-09-27 23:27:45  [17635] SELECT `id`, `code_id`, `image`, `created_at`, `updated_at` FROM attachments WHERE code_id=14 ORDER BY id DESC
2015-09-27 23:27:45  [17635] [COMMIT] [databaseId:0]
2015-09-27 23:27:46  [17635] [BEGIN] [databaseId:0]
2015-09-27 23:27:46  [17635] SELECT `id`, `username`, `email`, `encrypted_password`, `reset_password_token`, `reset_password_sent_at`, `remember_created_at`, `sign_in_count`, `current_sign_in_at`, `last_sign_in_at`, `current_sign_in_ip`, `last_sign_in_ip`, `confirmation_token`, `confirmed_at`, `confirmation_sent_at`, `unconfirmed_email`, `failed_attempts`, `unlock_token`, `locked_at`, `created_at`, `updated_at` FROM users WHERE username='KOPOJI' LIMIT 1
2015-09-27 23:27:46  [17635] UPDATE users SET updated_at='2015-09-27T23:27:46' WHERE id=1
2015-09-27 23:27:46  [17635] SELECT `id`, `title`, `code`, `code_url`, `status`, `created_at`, `updated_at`, `editable`, `user_id`, `show_from` FROM codes WHERE id=15 LIMIT 1
2015-09-27 23:27:46  [17635] SELECT `id`, `username`, `email`, `encrypted_password`, `reset_password_token`, `reset_password_sent_at`, `remember_created_at`, `sign_in_count`, `current_sign_in_at`, `last_sign_in_at`, `current_sign_in_ip`, `last_sign_in_ip`, `confirmation_token`, `confirmed_at`, `confirmation_sent_at`, `unconfirmed_email`, `failed_attempts`, `unlock_token`, `locked_at`, `created_at`, `updated_at` FROM users WHERE id=1 LIMIT 1
2015-09-27 23:27:46  [17635] SELECT `id`, `code_id`, `image`, `created_at`, `updated_at` FROM attachments WHERE code_id=15 ORDER BY id DESC
2015-09-27 23:27:46  [17635] [COMMIT] [databaseId:0]
2015-09-27 23:27:46  [17635] [BEGIN] [databaseId:0]
2015-09-27 23:27:46  [17635] SELECT `id`, `username`, `email`, `encrypted_password`, `reset_password_token`, `reset_password_sent_at`, `remember_created_at`, `sign_in_count`, `current_sign_in_at`, `last_sign_in_at`, `current_sign_in_ip`, `last_sign_in_ip`, `confirmation_token`, `confirmed_at`, `confirmation_sent_at`, `unconfirmed_email`, `failed_attempts`, `unlock_token`, `locked_at`, `created_at`, `updated_at` FROM users WHERE username='KOPOJI' LIMIT 1
2015-09-27 23:27:46  [17635] UPDATE users SET updated_at='2015-09-27T23:27:46' WHERE id=1
2015-09-27 23:27:46  [17635] SELECT `id`, `title`, `code`, `code_url`, `status`, `created_at`, `updated_at`, `editable`, `user_id`, `show_from` FROM codes WHERE id=16 LIMIT 1
2015-09-27 23:27:46  [17635] SELECT `id`, `code_id`, `image`, `created_at`, `updated_at` FROM attachments WHERE code_id=16 ORDER BY id DESC
2015-09-27 23:27:46  [17635] [COMMIT] [databaseId:0]
2015-09-27 23:27:47  [17635] [BEGIN] [databaseId:0]
2015-09-27 23:27:47  [17635] SELECT `id`, `username`, `email`, `encrypted_password`, `reset_password_token`, `reset_password_sent_at`, `remember_created_at`, `sign_in_count`, `current_sign_in_at`, `last_sign_in_at`, `current_sign_in_ip`, `last_sign_in_ip`, `confirmation_token`, `confirmed_at`, `confirmation_sent_at`, `unconfirmed_email`, `failed_attempts`, `unlock_token`, `locked_at`, `created_at`, `updated_at` FROM users WHERE username='KOPOJI' LIMIT 1
2015-09-27 23:27:47  [17635] UPDATE users SET updated_at='2015-09-27T23:27:47' WHERE id=1
2015-09-27 23:27:47  [17635] SELECT `id`, `title`, `code`, `code_url`, `status`, `created_at`, `updated_at`, `editable`, `user_id`, `show_from` FROM codes WHERE id=17 LIMIT 1
2015-09-27 23:27:47  [17635] SELECT `id`, `username`, `email`, `encrypted_password`, `reset_password_token`, `reset_password_sent_at`, `remember_created_at`, `sign_in_count`, `current_sign_in_at`, `last_sign_in_at`, `current_sign_in_ip`, `last_sign_in_ip`, `confirmation_token`, `confirmed_at`, `confirmation_sent_at`, `unconfirmed_email`, `failed_attempts`, `unlock_token`, `locked_at`, `created_at`, `updated_at` FROM users WHERE id=1 LIMIT 1
2015-09-27 23:27:47  [17635] SELECT `id`, `code_id`, `image`, `created_at`, `updated_at` FROM attachments WHERE code_id=17 ORDER BY id DESC
2015-09-27 23:27:47  [17635] [COMMIT] [databaseId:0]
2015-09-27 23:27:48  [17635] [BEGIN] [databaseId:0]
2015-09-27 23:27:48  [17635] SELECT `id`, `username`, `email`, `encrypted_password`, `reset_password_token`, `reset_password_sent_at`, `remember_created_at`, `sign_in_count`, `current_sign_in_at`, `last_sign_in_at`, `current_sign_in_ip`, `last_sign_in_ip`, `confirmation_token`, `confirmed_at`, `confirmation_sent_at`, `unconfirmed_email`, `failed_attempts`, `unlock_token`, `locked_at`, `created_at`, `updated_at` FROM users WHERE username='KOPOJI' LIMIT 1
2015-09-27 23:27:48  [17635] UPDATE users SET updated_at='2015-09-27T23:27:48' WHERE id=1
2015-09-27 23:27:48  [17635] SELECT `id`, `title`, `code`, `code_url`, `status`, `created_at`, `updated_at`, `editable`, `user_id`, `show_from` FROM codes WHERE id=18 LIMIT 1
2015-09-27 23:27:48  [17635] SELECT `id`, `code_id`, `image`, `created_at`, `updated_at` FROM attachments WHERE code_id=18 ORDER BY id DESC
2015-09-27 23:27:48  [17635] [COMMIT] [databaseId:0]
2015-09-27 23:27:49  [17635] [BEGIN] [databaseId:0]
2015-09-27 23:27:49  [17635] SELECT `id`, `username`, `email`, `encrypted_password`, `reset_password_token`, `reset_password_sent_at`, `remember_created_at`, `sign_in_count`, `current_sign_in_at`, `last_sign_in_at`, `current_sign_in_ip`, `last_sign_in_ip`, `confirmation_token`, `confirmed_at`, `confirmation_sent_at`, `unconfirmed_email`, `failed_attempts`, `unlock_token`, `locked_at`, `created_at`, `updated_at` FROM users WHERE username='KOPOJI' LIMIT 1
2015-09-27 23:27:49  [17635] UPDATE users SET updated_at='2015-09-27T23:27:49' WHERE id=1
2015-09-27 23:27:49  [17635] SELECT `id`, `title`, `code`, `code_url`, `status`, `created_at`, `updated_at`, `editable`, `user_id`, `show_from` FROM codes WHERE id=19 LIMIT 1
2015-09-27 23:27:49  [17635] SELECT `id`, `code_id`, `image`, `created_at`, `updated_at` FROM attachments WHERE code_id=19 ORDER BY id DESC
2015-09-27 23:27:49  [17635] [COMMIT] [databaseId:0]
2015-09-27 23:27:50  [17635] [BEGIN] [databaseId:0]
2015-09-27 23:27:50  [17635] SELECT `id`, `username`, `email`, `encrypted_password`, `reset_password_token`, `reset_password_sent_at`, `remember_created_at`, `sign_in_count`, `current_sign_in_at`, `last_sign_in_at`, `current_sign_in_ip`, `last_sign_in_ip`, `confirmation_token`, `confirmed_at`, `confirmation_sent_at`, `unconfirmed_email`, `failed_attempts`, `unlock_token`, `locked_at`, `created_at`, `updated_at` FROM users WHERE username='KOPOJI' LIMIT 1
2015-09-27 23:27:50  [17635] UPDATE users SET updated_at='2015-09-27T23:27:50' WHERE id=1
2015-09-27 23:27:50  [17635] SELECT `id`, `title`, `code`, `code_url`, `status`, `created_at`, `updated_at`, `editable`, `user_id`, `show_from` FROM codes WHERE id=20 LIMIT 1
2015-09-27 23:27:50  [17635] SELECT `id`, `username`, `email`, `encrypted_password`, `reset_password_token`, `reset_password_sent_at`, `remember_created_at`, `sign_in_count`, `current_sign_in_at`, `last_sign_in_at`, `current_sign_in_ip`, `last_sign_in_ip`, `confirmation_token`, `confirmed_at`, `confirmation_sent_at`, `unconfirmed_email`, `failed_attempts`, `unlock_token`, `locked_at`, `created_at`, `updated_at` FROM users WHERE id=1 LIMIT 1
2015-09-27 23:27:50  [17635] SELECT `id`, `code_id`, `image`, `created_at`, `updated_at` FROM attachments WHERE code_id=20 ORDER BY id DESC
2015-09-27 23:27:50  [17635] [COMMIT] [databaseId:0]
2015-09-27 23:27:51  [17635] [BEGIN] [databaseId:0]
2015-09-27 23:27:51  [17635] SELECT `id`, `username`, `email`, `encrypted_password`, `reset_password_token`, `reset_password_sent_at`, `remember_created_at`, `sign_in_count`, `current_sign_in_at`, `last_sign_in_at`, `current_sign_in_ip`, `last_sign_in_ip`, `confirmation_token`, `confirmed_at`, `confirmation_sent_at`, `unconfirmed_email`, `failed_attempts`, `unlock_token`, `locked_at`, `created_at`, `updated_at` FROM users WHERE username='KOPOJI' LIMIT 1
2015-09-27 23:27:51  [17635] UPDATE users SET updated_at='2015-09-27T23:27:51' WHERE id=1
2015-09-27 23:27:51  [17635] SELECT `id`, `title`, `code`, `code_url`, `status`, `created_at`, `updated_at`, `editable`, `user_id`, `show_from` FROM codes WHERE id=21 LIMIT 1
2015-09-27 23:27:51  [17635] SELECT `id`, `code_id`, `image`, `created_at`, `updated_at` FROM attachments WHERE code_id=21 ORDER BY id DESC
2015-09-27 23:27:51  [17635] [COMMIT] [databaseId:0]
2015-09-27 23:27:52  [17635] [BEGIN] [databaseId:0]
2015-09-27 23:27:52  [17635] SELECT `id`, `username`, `email`, `encrypted_password`, `reset_password_token`, `reset_password_sent_at`, `remember_created_at`, `sign_in_count`, `current_sign_in_at`, `last_sign_in_at`, `current_sign_in_ip`, `last_sign_in_ip`, `confirmation_token`, `confirmed_at`, `confirmation_sent_at`, `unconfirmed_email`, `failed_attempts`, `unlock_token`, `locked_at`, `created_at`, `updated_at` FROM users WHERE username='KOPOJI' LIMIT 1
2015-09-27 23:27:52  [17635] UPDATE users SET updated_at='2015-09-27T23:27:52' WHERE id=1
2015-09-27 23:27:52  [17635] SELECT `id`, `title`, `code`, `code_url`, `status`, `created_at`, `updated_at`, `editable`, `user_id`, `show_from` FROM codes WHERE id=22 LIMIT 1
2015-09-27 23:27:52  [17635] SELECT `id`, `code_id`, `image`, `created_at`, `updated_at` FROM attachments WHERE code_id=22 ORDER BY id DESC
2015-09-27 23:27:52  [17635] [COMMIT] [databaseId:0]
2015-09-27 23:27:54  [17635] [BEGIN] [databaseId:0]
2015-09-27 23:27:54  [17635] SELECT `id`, `username`, `email`, `encrypted_password`, `reset_password_token`, `reset_password_sent_at`, `remember_created_at`, `sign_in_count`, `current_sign_in_at`, `last_sign_in_at`, `current_sign_in_ip`, `last_sign_in_ip`, `confirmation_token`, `confirmed_at`, `confirmation_sent_at`, `unconfirmed_email`, `failed_attempts`, `unlock_token`, `locked_at`, `created_at`, `updated_at` FROM users WHERE username='KOPOJI' LIMIT 1
2015-09-27 23:27:54  [17635] UPDATE users SET updated_at='2015-09-27T23:27:54' WHERE id=1
2015-09-27 23:27:54  [17635] SELECT `id`, `title`, `code`, `code_url`, `status`, `created_at`, `updated_at`, `editable`, `user_id`, `show_from` FROM codes WHERE id=23 LIMIT 1
2015-09-27 23:27:54  [17635] SELECT `id`, `username`, `email`, `encrypted_password`, `reset_password_token`, `reset_password_sent_at`, `remember_created_at`, `sign_in_count`, `current_sign_in_at`, `last_sign_in_at`, `current_sign_in_ip`, `last_sign_in_ip`, `confirmation_token`, `confirmed_at`, `confirmation_sent_at`, `unconfirmed_email`, `failed_attempts`, `unlock_token`, `locked_at`, `created_at`, `updated_at` FROM users WHERE id=1 LIMIT 1
2015-09-27 23:27:54  [17635] SELECT `id`, `code_id`, `image`, `created_at`, `updated_at` FROM attachments WHERE code_id=23 ORDER BY id DESC
2015-09-27 23:27:54  [17635] [COMMIT] [databaseId:0]
2015-09-27 23:27:55  [17635] [BEGIN] [databaseId:0]
2015-09-27 23:27:55  [17635] SELECT `id`, `username`, `email`, `encrypted_password`, `reset_password_token`, `reset_password_sent_at`, `remember_created_at`, `sign_in_count`, `current_sign_in_at`, `last_sign_in_at`, `current_sign_in_ip`, `last_sign_in_ip`, `confirmation_token`, `confirmed_at`, `confirmation_sent_at`, `unconfirmed_email`, `failed_attempts`, `unlock_token`, `locked_at`, `created_at`, `updated_at` FROM users WHERE username='KOPOJI' LIMIT 1
2015-09-27 23:27:55  [17635] UPDATE users SET updated_at='2015-09-27T23:27:55' WHERE id=1
2015-09-27 23:27:55  [17635] SELECT `id`, `title`, `code`, `code_url`, `status`, `created_at`, `updated_at`, `editable`, `user_id`, `show_from` FROM codes WHERE id=24 LIMIT 1
2015-09-27 23:27:55  [17635] SELECT `id`, `code_id`, `image`, `created_at`, `updated_at` FROM attachments WHERE code_id=24 ORDER BY id DESC
2015-09-27 23:27:55  [17635] [COMMIT] [databaseId:0]
2015-09-27 23:27:57  [17635] [BEGIN] [databaseId:0]
2015-09-27 23:27:57  [17635] SELECT `id`, `username`, `email`, `encrypted_password`, `reset_password_token`, `reset_password_sent_at`, `remember_created_at`, `sign_in_count`, `current_sign_in_at`, `last_sign_in_at`, `current_sign_in_ip`, `last_sign_in_ip`, `confirmation_token`, `confirmed_at`, `confirmation_sent_at`, `unconfirmed_email`, `failed_attempts`, `unlock_token`, `locked_at`, `created_at`, `updated_at` FROM users WHERE username='KOPOJI' LIMIT 1
2015-09-27 23:27:57  [17635] UPDATE users SET updated_at='2015-09-27T23:27:57' WHERE id=1
2015-09-27 23:27:57  [17635] SELECT `id`, `title`, `code`, `code_url`, `status`, `created_at`, `updated_at`, `editable`, `user_id`, `show_from` FROM codes WHERE id=26 LIMIT 1
2015-09-27 23:27:57  [17635] SELECT `id`, `code_id`, `image`, `created_at`, `updated_at` FROM attachments WHERE code_id=26 ORDER BY id DESC
2015-09-27 23:27:57  [17635] [COMMIT] [databaseId:0]
2015-09-27 23:28:06  [17635] [BEGIN] [databaseId:0]
2015-09-27 23:28:06  [17635] SELECT `id`, `username`, `email`, `encrypted_password`, `reset_password_token`, `reset_password_sent_at`, `remember_created_at`, `sign_in_count`, `current_sign_in_at`, `last_sign_in_at`, `current_sign_in_ip`, `last_sign_in_ip`, `confirmation_token`, `confirmed_at`, `confirmation_sent_at`, `unconfirmed_email`, `failed_attempts`, `unlock_token`, `locked_at`, `created_at`, `updated_at` FROM users WHERE username='KOPOJI' LIMIT 1
2015-09-27 23:28:06  [17635] UPDATE users SET updated_at='2015-09-27T23:28:06' WHERE id=1
2015-09-27 23:28:06  [17635] SELECT `id`, `title`, `code`, `code_url`, `status`, `created_at`, `updated_at`, `editable`, `user_id`, `show_from` FROM codes WHERE id=26 LIMIT 1
2015-09-27 23:28:06  [17635] SELECT `id`, `username`, `email`, `encrypted_password`, `reset_password_token`, `reset_password_sent_at`, `remember_created_at`, `sign_in_count`, `current_sign_in_at`, `last_sign_in_at`, `current_sign_in_ip`, `last_sign_in_ip`, `confirmation_token`, `confirmed_at`, `confirmation_sent_at`, `unconfirmed_email`, `failed_attempts`, `unlock_token`, `locked_at`, `created_at`, `updated_at` FROM users WHERE username='KOPOJI' LIMIT 1
2015-09-27 23:28:06  [17635] UPDATE users SET updated_at='2015-09-27T23:28:06' WHERE id=1
2015-09-27 23:28:06  [17635] SELECT `id`, `code_id`, `image`, `created_at`, `updated_at` FROM attachments WHERE code_id=26 ORDER BY id DESC
2015-09-27 23:28:06  [17635] [COMMIT] [databaseId:0]
2015-09-27 23:28:10  [17635] [BEGIN] [databaseId:0]
2015-09-27 23:28:10  [17635] SELECT `id`, `username`, `email`, `encrypted_password`, `reset_password_token`, `reset_password_sent_at`, `remember_created_at`, `sign_in_count`, `current_sign_in_at`, `last_sign_in_at`, `current_sign_in_ip`, `last_sign_in_ip`, `confirmation_token`, `confirmed_at`, `confirmation_sent_at`, `unconfirmed_email`, `failed_attempts`, `unlock_token`, `locked_at`, `created_at`, `updated_at` FROM users WHERE username='KOPOJI' LIMIT 1
2015-09-27 23:28:10  [17635] UPDATE users SET updated_at='2015-09-27T23:28:10' WHERE id=1
2015-09-27 23:28:10  [17635] SELECT `id`, `title`, `code`, `code_url`, `status`, `created_at`, `updated_at`, `editable`, `user_id`, `show_from` FROM codes WHERE id=26 LIMIT 1
2015-09-27 23:28:10  [17635] SELECT `id`, `code_id`, `image`, `created_at`, `updated_at` FROM attachments WHERE code_id=26 ORDER BY id DESC
2015-09-27 23:28:10  [17635] [COMMIT] [databaseId:0]
2015-09-27 23:28:15  [17635] [BEGIN] [databaseId:0]
2015-09-27 23:28:15  [17635] SELECT `id`, `username`, `email`, `encrypted_password`, `reset_password_token`, `reset_password_sent_at`, `remember_created_at`, `sign_in_count`, `current_sign_in_at`, `last_sign_in_at`, `current_sign_in_ip`, `last_sign_in_ip`, `confirmation_token`, `confirmed_at`, `confirmation_sent_at`, `unconfirmed_email`, `failed_attempts`, `unlock_token`, `locked_at`, `created_at`, `updated_at` FROM users WHERE username='KOPOJI' LIMIT 1
2015-09-27 23:28:15  [17635] UPDATE users SET updated_at='2015-09-27T23:28:15' WHERE id=1
2015-09-27 23:28:15  [17635] SELECT `id`, `title`, `code`, `code_url`, `status`, `created_at`, `updated_at`, `editable`, `user_id`, `show_from` FROM codes WHERE id=27 LIMIT 1
2015-09-27 23:28:15  [17635] SELECT `id`, `code_id`, `image`, `created_at`, `updated_at` FROM attachments WHERE code_id=27 ORDER BY id DESC
2015-09-27 23:28:15  [17635] [COMMIT] [databaseId:0]
2015-09-27 23:28:16  [17635] [BEGIN] [databaseId:0]
2015-09-27 23:28:16  [17635] SELECT `id`, `username`, `email`, `encrypted_password`, `reset_password_token`, `reset_password_sent_at`, `remember_created_at`, `sign_in_count`, `current_sign_in_at`, `last_sign_in_at`, `current_sign_in_ip`, `last_sign_in_ip`, `confirmation_token`, `confirmed_at`, `confirmation_sent_at`, `unconfirmed_email`, `failed_attempts`, `unlock_token`, `locked_at`, `created_at`, `updated_at` FROM users WHERE username='KOPOJI' LIMIT 1
2015-09-27 23:28:16  [17635] UPDATE users SET updated_at='2015-09-27T23:28:16' WHERE id=1
2015-09-27 23:28:16  [17635] SELECT `id`, `title`, `code`, `code_url`, `status`, `created_at`, `updated_at`, `editable`, `user_id`, `show_from` FROM codes WHERE id=28 LIMIT 1
2015-09-27 23:28:16  [17635] SELECT `id`, `username`, `email`, `encrypted_password`, `reset_password_token`, `reset_password_sent_at`, `remember_created_at`, `sign_in_count`, `current_sign_in_at`, `last_sign_in_at`, `current_sign_in_ip`, `last_sign_in_ip`, `confirmation_token`, `confirmed_at`, `confirmation_sent_at`, `unconfirmed_email`, `failed_attempts`, `unlock_token`, `locked_at`, `created_at`, `updated_at` FROM users WHERE id=1 LIMIT 1
2015-09-27 23:28:16  [17635] SELECT `id`, `code_id`, `image`, `created_at`, `updated_at` FROM attachments WHERE code_id=28 ORDER BY id DESC
2015-09-27 23:28:16  [17635] [COMMIT] [databaseId:0]
2015-09-27 23:28:16  [17635] [BEGIN] [databaseId:0]
2015-09-27 23:28:16  [17635] SELECT `id`, `username`, `email`, `encrypted_password`, `reset_password_token`, `reset_password_sent_at`, `remember_created_at`, `sign_in_count`, `current_sign_in_at`, `last_sign_in_at`, `current_sign_in_ip`, `last_sign_in_ip`, `confirmation_token`, `confirmed_at`, `confirmation_sent_at`, `unconfirmed_email`, `failed_attempts`, `unlock_token`, `locked_at`, `created_at`, `updated_at` FROM users WHERE username='KOPOJI' LIMIT 1
2015-09-27 23:28:16  [17635] UPDATE users SET updated_at='2015-09-27T23:28:16' WHERE id=1
2015-09-27 23:28:16  [17635] SELECT `id`, `title`, `code`, `code_url`, `status`, `created_at`, `updated_at`, `editable`, `user_id`, `show_from` FROM codes WHERE id=29 LIMIT 1
2015-09-27 23:28:16  [17635] SELECT `id`, `username`, `email`, `encrypted_password`, `reset_password_token`, `reset_password_sent_at`, `remember_created_at`, `sign_in_count`, `current_sign_in_at`, `last_sign_in_at`, `current_sign_in_ip`, `last_sign_in_ip`, `confirmation_token`, `confirmed_at`, `confirmation_sent_at`, `unconfirmed_email`, `failed_attempts`, `unlock_token`, `locked_at`, `created_at`, `updated_at` FROM users WHERE id=1 LIMIT 1
2015-09-27 23:28:16  [17635] SELECT `id`, `code_id`, `image`, `created_at`, `updated_at` FROM attachments WHERE code_id=29 ORDER BY id DESC
2015-09-27 23:28:17  [17635] [COMMIT] [databaseId:0]
2015-09-27 23:28:21  [17635] [BEGIN] [databaseId:0]
2015-09-27 23:28:21  [17635] SELECT `id`, `username`, `email`, `encrypted_password`, `reset_password_token`, `reset_password_sent_at`, `remember_created_at`, `sign_in_count`, `current_sign_in_at`, `last_sign_in_at`, `current_sign_in_ip`, `last_sign_in_ip`, `confirmation_token`, `confirmed_at`, `confirmation_sent_at`, `unconfirmed_email`, `failed_attempts`, `unlock_token`, `locked_at`, `created_at`, `updated_at` FROM users WHERE username='KOPOJI' LIMIT 1
2015-09-27 23:28:21  [17635] UPDATE users SET updated_at='2015-09-27T23:28:21' WHERE id=1
2015-09-27 23:28:21  [17635] SELECT `id`, `title`, `code`, `code_url`, `status`, `created_at`, `updated_at`, `editable`, `user_id`, `show_from` FROM codes WHERE id=29 LIMIT 1
2015-09-27 23:28:21  [17635] SELECT `id`, `username`, `email`, `encrypted_password`, `reset_password_token`, `reset_password_sent_at`, `remember_created_at`, `sign_in_count`, `current_sign_in_at`, `last_sign_in_at`, `current_sign_in_ip`, `last_sign_in_ip`, `confirmation_token`, `confirmed_at`, `confirmation_sent_at`, `unconfirmed_email`, `failed_attempts`, `unlock_token`, `locked_at`, `created_at`, `updated_at` FROM users WHERE id=1 LIMIT 1
2015-09-27 23:28:21  [17635] SELECT `id`, `code_id`, `image`, `created_at`, `updated_at` FROM attachments WHERE code_id=29 ORDER BY id DESC
2015-09-27 23:28:21  [17635] [COMMIT] [databaseId:0]
2015-09-27 23:28:23  [17635] [BEGIN] [databaseId:0]
2015-09-27 23:28:23  [17635] SELECT `id`, `username`, `email`, `encrypted_password`, `reset_password_token`, `reset_password_sent_at`, `remember_created_at`, `sign_in_count`, `current_sign_in_at`, `last_sign_in_at`, `current_sign_in_ip`, `last_sign_in_ip`, `confirmation_token`, `confirmed_at`, `confirmation_sent_at`, `unconfirmed_email`, `failed_attempts`, `unlock_token`, `locked_at`, `created_at`, `updated_at` FROM users WHERE username='KOPOJI' LIMIT 1
2015-09-27 23:28:23  [17635] UPDATE users SET updated_at='2015-09-27T23:28:23' WHERE id=1
2015-09-27 23:28:23  [17635] SELECT `id`, `title`, `code`, `code_url`, `status`, `created_at`, `updated_at`, `editable`, `user_id`, `show_from` FROM codes WHERE id=26 LIMIT 1
2015-09-27 23:28:23  [17635] SELECT `id`, `code_id`, `image`, `created_at`, `updated_at` FROM attachments WHERE code_id=26 ORDER BY id DESC
2015-09-27 23:28:23  [17635] [COMMIT] [databaseId:0]
2015-09-27 23:28:27  [17635] [BEGIN] [databaseId:0]
2015-09-27 23:28:27  [17635] SELECT `id`, `username`, `email`, `encrypted_password`, `reset_password_token`, `reset_password_sent_at`, `remember_created_at`, `sign_in_count`, `current_sign_in_at`, `last_sign_in_at`, `current_sign_in_ip`, `last_sign_in_ip`, `confirmation_token`, `confirmed_at`, `confirmation_sent_at`, `unconfirmed_email`, `failed_attempts`, `unlock_token`, `locked_at`, `created_at`, `updated_at` FROM users WHERE username='KOPOJI' LIMIT 1
2015-09-27 23:28:27  [17635] UPDATE users SET updated_at='2015-09-27T23:28:27' WHERE id=1
2015-09-27 23:28:27  [17635] SELECT `id`, `title`, `code`, `code_url`, `status`, `created_at`, `updated_at`, `editable`, `user_id`, `show_from` FROM codes WHERE id=26 LIMIT 1
2015-09-27 23:28:27  [17635] SELECT `id`, `title`, `code`, `code_url`, `status`, `created_at`, `updated_at`, `editable`, `user_id`, `show_from` FROM codes ORDER BY id DESC LIMIT 20 OFFSET 60
2015-09-27 23:28:27  [17635] SELECT `id`, `code_id`, `image`, `created_at`, `updated_at` FROM attachments WHERE code_id=26 ORDER BY id DESC
2015-09-27 23:28:27  [17635] [COMMIT] [databaseId:0]
2015-09-27 23:28:30  [17635] [BEGIN] [databaseId:0]
2015-09-27 23:28:30  [17635] SELECT `id`, `username`, `email`, `encrypted_password`, `reset_password_token`, `reset_password_sent_at`, `remember_created_at`, `sign_in_count`, `current_sign_in_at`, `last_sign_in_at`, `current_sign_in_ip`, `last_sign_in_ip`, `confirmation_token`, `confirmed_at`, `confirmation_sent_at`, `unconfirmed_email`, `failed_attempts`, `unlock_token`, `locked_at`, `created_at`, `updated_at` FROM users WHERE username='KOPOJI' LIMIT 1
2015-09-27 23:28:30  [17635] UPDATE users SET updated_at='2015-09-27T23:28:30' WHERE id=1
2015-09-27 23:28:30  [17635] SELECT `id`, `title`, `code`, `code_url`, `status`, `created_at`, `updated_at`, `editable`, `user_id`, `show_from` FROM codes WHERE id=26 LIMIT 1
2015-09-27 23:28:30  [17635] SELECT `id`, `title`, `code`, `code_url`, `status`, `created_at`, `updated_at`, `editable`, `user_id`, `show_from` FROM codes ORDER BY id DESC LIMIT 20 OFFSET 40
2015-09-27 23:28:30  [17635] SELECT `id`, `code_id`, `image`, `created_at`, `updated_at` FROM attachments WHERE code_id=26 ORDER BY id DESC
2015-09-27 23:28:31  [17635] [COMMIT] [databaseId:0]
2015-09-27 23:28:37  [17635] [BEGIN] [databaseId:0]
2015-09-27 23:28:37  [17635] SELECT `id`, `username`, `email`, `encrypted_password`, `reset_password_token`, `reset_password_sent_at`, `remember_created_at`, `sign_in_count`, `current_sign_in_at`, `last_sign_in_at`, `current_sign_in_ip`, `last_sign_in_ip`, `confirmation_token`, `confirmed_at`, `confirmation_sent_at`, `unconfirmed_email`, `failed_attempts`, `unlock_token`, `locked_at`, `created_at`, `updated_at` FROM users WHERE username='KOPOJI' LIMIT 1
2015-09-27 23:28:37  [17635] UPDATE users SET updated_at='2015-09-27T23:28:37' WHERE id=1
2015-09-27 23:28:37  [17635] SELECT `id`, `title`, `code`, `code_url`, `status`, `created_at`, `updated_at`, `editable`, `user_id`, `show_from` FROM codes WHERE id=26 LIMIT 1
2015-09-27 23:28:37  [17635] SELECT `id`, `title`, `code`, `code_url`, `status`, `created_at`, `updated_at`, `editable`, `user_id`, `show_from` FROM codes ORDER BY id DESC LIMIT 20 OFFSET 20
2015-09-27 23:28:37  [17635] SELECT `id`, `code_id`, `image`, `created_at`, `updated_at` FROM attachments WHERE code_id=26 ORDER BY id DESC
2015-09-27 23:28:37  [17635] [COMMIT] [databaseId:0]
2015-09-27 23:28:38  [17635] [BEGIN] [databaseId:0]
2015-09-27 23:28:38  [17635] SELECT `id`, `username`, `email`, `encrypted_password`, `reset_password_token`, `reset_password_sent_at`, `remember_created_at`, `sign_in_count`, `current_sign_in_at`, `last_sign_in_at`, `current_sign_in_ip`, `last_sign_in_ip`, `confirmation_token`, `confirmed_at`, `confirmation_sent_at`, `unconfirmed_email`, `failed_attempts`, `unlock_token`, `locked_at`, `created_at`, `updated_at` FROM users WHERE username='KOPOJI' LIMIT 1
2015-09-27 23:28:38  [17635] UPDATE users SET updated_at='2015-09-27T23:28:38' WHERE id=1
2015-09-27 23:28:38  [17635] SELECT `id`, `title`, `code`, `code_url`, `status`, `created_at`, `updated_at`, `editable`, `user_id`, `show_from` FROM codes WHERE id=31 LIMIT 1
2015-09-27 23:28:38  [17635] SELECT `id`, `code_id`, `image`, `created_at`, `updated_at` FROM attachments WHERE code_id=31 ORDER BY id DESC
2015-09-27 23:28:38  [17635] [COMMIT] [databaseId:0]
2015-09-27 23:28:40  [17635] [BEGIN] [databaseId:0]
2015-09-27 23:28:40  [17635] SELECT `id`, `username`, `email`, `encrypted_password`, `reset_password_token`, `reset_password_sent_at`, `remember_created_at`, `sign_in_count`, `current_sign_in_at`, `last_sign_in_at`, `current_sign_in_ip`, `last_sign_in_ip`, `confirmation_token`, `confirmed_at`, `confirmation_sent_at`, `unconfirmed_email`, `failed_attempts`, `unlock_token`, `locked_at`, `created_at`, `updated_at` FROM users WHERE username='KOPOJI' LIMIT 1
2015-09-27 23:28:40  [17635] UPDATE users SET updated_at='2015-09-27T23:28:40' WHERE id=1
2015-09-27 23:28:40  [17635] SELECT `id`, `title`, `code`, `code_url`, `status`, `created_at`, `updated_at`, `editable`, `user_id`, `show_from` FROM codes WHERE id=33 LIMIT 1
2015-09-27 23:28:40  [17635] SELECT `id`, `username`, `email`, `encrypted_password`, `reset_password_token`, `reset_password_sent_at`, `remember_created_at`, `sign_in_count`, `current_sign_in_at`, `last_sign_in_at`, `current_sign_in_ip`, `last_sign_in_ip`, `confirmation_token`, `confirmed_at`, `confirmation_sent_at`, `unconfirmed_email`, `failed_attempts`, `unlock_token`, `locked_at`, `created_at`, `updated_at` FROM users WHERE id=2 LIMIT 1
2015-09-27 23:28:40  [17635] SELECT `id`, `code_id`, `image`, `created_at`, `updated_at` FROM attachments WHERE code_id=33 ORDER BY id DESC
2015-09-27 23:28:40  [17635] [COMMIT] [databaseId:0]
2015-09-27 23:28:41  [17635] [BEGIN] [databaseId:0]
2015-09-27 23:28:41  [17635] SELECT `id`, `username`, `email`, `encrypted_password`, `reset_password_token`, `reset_password_sent_at`, `remember_created_at`, `sign_in_count`, `current_sign_in_at`, `last_sign_in_at`, `current_sign_in_ip`, `last_sign_in_ip`, `confirmation_token`, `confirmed_at`, `confirmation_sent_at`, `unconfirmed_email`, `failed_attempts`, `unlock_token`, `locked_at`, `created_at`, `updated_at` FROM users WHERE username='KOPOJI' LIMIT 1
2015-09-27 23:28:41  [17635] UPDATE users SET updated_at='2015-09-27T23:28:41' WHERE id=1
2015-09-27 23:28:41  [17635] SELECT `id`, `title`, `code`, `code_url`, `status`, `created_at`, `updated_at`, `editable`, `user_id`, `show_from` FROM codes WHERE id=36 LIMIT 1
2015-09-27 23:28:41  [17635] SELECT `id`, `code_id`, `image`, `created_at`, `updated_at` FROM attachments WHERE code_id=36 ORDER BY id DESC
2015-09-27 23:28:41  [17635] [COMMIT] [databaseId:0]
2015-09-27 23:28:42  [17635] [BEGIN] [databaseId:0]
2015-09-27 23:28:42  [17635] SELECT `id`, `username`, `email`, `encrypted_password`, `reset_password_token`, `reset_password_sent_at`, `remember_created_at`, `sign_in_count`, `current_sign_in_at`, `last_sign_in_at`, `current_sign_in_ip`, `last_sign_in_ip`, `confirmation_token`, `confirmed_at`, `confirmation_sent_at`, `unconfirmed_email`, `failed_attempts`, `unlock_token`, `locked_at`, `created_at`, `updated_at` FROM users WHERE username='KOPOJI' LIMIT 1
2015-09-27 23:28:42  [17635] UPDATE users SET updated_at='2015-09-27T23:28:42' WHERE id=1
2015-09-27 23:28:42  [17635] SELECT `id`, `title`, `code`, `code_url`, `status`, `created_at`, `updated_at`, `editable`, `user_id`, `show_from` FROM codes WHERE id=36 LIMIT 1
2015-09-27 23:28:42  [17635] SELECT `id`, `code_id`, `image`, `created_at`, `updated_at` FROM attachments WHERE code_id=36 ORDER BY id DESC
2015-09-27 23:28:42  [17635] [COMMIT] [databaseId:0]
2015-09-27 23:28:43  [17635] [BEGIN] [databaseId:0]
2015-09-27 23:28:43  [17635] SELECT `id`, `username`, `email`, `encrypted_password`, `reset_password_token`, `reset_password_sent_at`, `remember_created_at`, `sign_in_count`, `current_sign_in_at`, `last_sign_in_at`, `current_sign_in_ip`, `last_sign_in_ip`, `confirmation_token`, `confirmed_at`, `confirmation_sent_at`, `unconfirmed_email`, `failed_attempts`, `unlock_token`, `locked_at`, `created_at`, `updated_at` FROM users WHERE username='KOPOJI' LIMIT 1
2015-09-27 23:28:43  [17635] UPDATE users SET updated_at='2015-09-27T23:28:43' WHERE id=1
2015-09-27 23:28:43  [17635] SELECT `id`, `title`, `code`, `code_url`, `status`, `created_at`, `updated_at`, `editable`, `user_id`, `show_from` FROM codes WHERE id=38 LIMIT 1
2015-09-27 23:28:43  [17635] SELECT `id`, `code_id`, `image`, `created_at`, `updated_at` FROM attachments WHERE code_id=38 ORDER BY id DESC
2015-09-27 23:28:43  [17635] [COMMIT] [databaseId:0]
2015-09-27 23:28:44  [17635] [BEGIN] [databaseId:0]
2015-09-27 23:28:44  [17635] SELECT `id`, `username`, `email`, `encrypted_password`, `reset_password_token`, `reset_password_sent_at`, `remember_created_at`, `sign_in_count`, `current_sign_in_at`, `last_sign_in_at`, `current_sign_in_ip`, `last_sign_in_ip`, `confirmation_token`, `confirmed_at`, `confirmation_sent_at`, `unconfirmed_email`, `failed_attempts`, `unlock_token`, `locked_at`, `created_at`, `updated_at` FROM users WHERE username='KOPOJI' LIMIT 1
2015-09-27 23:28:44  [17635] UPDATE users SET updated_at='2015-09-27T23:28:44' WHERE id=1
2015-09-27 23:28:44  [17635] SELECT `id`, `title`, `code`, `code_url`, `status`, `created_at`, `updated_at`, `editable`, `user_id`, `show_from` FROM codes WHERE id=39 LIMIT 1
2015-09-27 23:28:44  [17635] SELECT `id`, `username`, `email`, `encrypted_password`, `reset_password_token`, `reset_password_sent_at`, `remember_created_at`, `sign_in_count`, `current_sign_in_at`, `last_sign_in_at`, `current_sign_in_ip`, `last_sign_in_ip`, `confirmation_token`, `confirmed_at`, `confirmation_sent_at`, `unconfirmed_email`, `failed_attempts`, `unlock_token`, `locked_at`, `created_at`, `updated_at` FROM users WHERE id=1 LIMIT 1
2015-09-27 23:28:44  [17635] SELECT `id`, `code_id`, `image`, `created_at`, `updated_at` FROM attachments WHERE code_id=39 ORDER BY id DESC
2015-09-27 23:28:44  [17635] [COMMIT] [databaseId:0]
2015-09-27 23:28:45  [17635] [BEGIN] [databaseId:0]
2015-09-27 23:28:45  [17635] SELECT `id`, `username`, `email`, `encrypted_password`, `reset_password_token`, `reset_password_sent_at`, `remember_created_at`, `sign_in_count`, `current_sign_in_at`, `last_sign_in_at`, `current_sign_in_ip`, `last_sign_in_ip`, `confirmation_token`, `confirmed_at`, `confirmation_sent_at`, `unconfirmed_email`, `failed_attempts`, `unlock_token`, `locked_at`, `created_at`, `updated_at` FROM users WHERE username='KOPOJI' LIMIT 1
2015-09-27 23:28:45  [17635] UPDATE users SET updated_at='2015-09-27T23:28:45' WHERE id=1
2015-09-27 23:28:45  [17635] SELECT `id`, `title`, `code`, `code_url`, `status`, `created_at`, `updated_at`, `editable`, `user_id`, `show_from` FROM codes WHERE id=40 LIMIT 1
2015-09-27 23:28:45  [17635] SELECT `id`, `username`, `email`, `encrypted_password`, `reset_password_token`, `reset_password_sent_at`, `remember_created_at`, `sign_in_count`, `current_sign_in_at`, `last_sign_in_at`, `current_sign_in_ip`, `last_sign_in_ip`, `confirmation_token`, `confirmed_at`, `confirmation_sent_at`, `unconfirmed_email`, `failed_attempts`, `unlock_token`, `locked_at`, `created_at`, `updated_at` FROM users WHERE id=4 LIMIT 1
2015-09-27 23:28:45  [17635] SELECT `id`, `code_id`, `image`, `created_at`, `updated_at` FROM attachments WHERE code_id=40 ORDER BY id DESC
2015-09-27 23:28:45  [17635] [COMMIT] [databaseId:0]
2015-09-27 23:28:46  [17635] [BEGIN] [databaseId:0]
2015-09-27 23:28:46  [17635] SELECT `id`, `username`, `email`, `encrypted_password`, `reset_password_token`, `reset_password_sent_at`, `remember_created_at`, `sign_in_count`, `current_sign_in_at`, `last_sign_in_at`, `current_sign_in_ip`, `last_sign_in_ip`, `confirmation_token`, `confirmed_at`, `confirmation_sent_at`, `unconfirmed_email`, `failed_attempts`, `unlock_token`, `locked_at`, `created_at`, `updated_at` FROM users WHERE username='KOPOJI' LIMIT 1
2015-09-27 23:28:46  [17635] UPDATE users SET updated_at='2015-09-27T23:28:46' WHERE id=1
2015-09-27 23:28:46  [17635] SELECT `id`, `title`, `code`, `code_url`, `status`, `created_at`, `updated_at`, `editable`, `user_id`, `show_from` FROM codes WHERE id=41 LIMIT 1
2015-09-27 23:28:46  [17635] SELECT `id`, `username`, `email`, `encrypted_password`, `reset_password_token`, `reset_password_sent_at`, `remember_created_at`, `sign_in_count`, `current_sign_in_at`, `last_sign_in_at`, `current_sign_in_ip`, `last_sign_in_ip`, `confirmation_token`, `confirmed_at`, `confirmation_sent_at`, `unconfirmed_email`, `failed_attempts`, `unlock_token`, `locked_at`, `created_at`, `updated_at` FROM users WHERE id=1 LIMIT 1
2015-09-27 23:28:46  [17635] SELECT `id`, `code_id`, `image`, `created_at`, `updated_at` FROM attachments WHERE code_id=41 ORDER BY id DESC
2015-09-27 23:28:46  [17635] [COMMIT] [databaseId:0]
2015-09-27 23:28:46  [17635] [BEGIN] [databaseId:0]
2015-09-27 23:28:46  [17635] SELECT `id`, `username`, `email`, `encrypted_password`, `reset_password_token`, `reset_password_sent_at`, `remember_created_at`, `sign_in_count`, `current_sign_in_at`, `last_sign_in_at`, `current_sign_in_ip`, `last_sign_in_ip`, `confirmation_token`, `confirmed_at`, `confirmation_sent_at`, `unconfirmed_email`, `failed_attempts`, `unlock_token`, `locked_at`, `created_at`, `updated_at` FROM users WHERE username='KOPOJI' LIMIT 1
2015-09-27 23:28:46  [17635] UPDATE users SET updated_at='2015-09-27T23:28:46' WHERE id=1
2015-09-27 23:28:46  [17635] SELECT `id`, `title`, `code`, `code_url`, `status`, `created_at`, `updated_at`, `editable`, `user_id`, `show_from` FROM codes WHERE id=42 LIMIT 1
2015-09-27 23:28:46  [17635] SELECT `id`, `username`, `email`, `encrypted_password`, `reset_password_token`, `reset_password_sent_at`, `remember_created_at`, `sign_in_count`, `current_sign_in_at`, `last_sign_in_at`, `current_sign_in_ip`, `last_sign_in_ip`, `confirmation_token`, `confirmed_at`, `confirmation_sent_at`, `unconfirmed_email`, `failed_attempts`, `unlock_token`, `locked_at`, `created_at`, `updated_at` FROM users WHERE id=1 LIMIT 1
2015-09-27 23:28:46  [17635] SELECT `id`, `code_id`, `image`, `created_at`, `updated_at` FROM attachments WHERE code_id=42 ORDER BY id DESC
2015-09-27 23:28:47  [17635] [COMMIT] [databaseId:0]
2015-09-27 23:28:48  [17794] [BEGIN] [databaseId:0]
2015-09-27 23:28:48  [17794] SELECT `id`, `username`, `email`, `encrypted_password`, `reset_password_token`, `reset_password_sent_at`, `remember_created_at`, `sign_in_count`, `current_sign_in_at`, `last_sign_in_at`, `current_sign_in_ip`, `last_sign_in_ip`, `confirmation_token`, `confirmed_at`, `confirmation_sent_at`, `unconfirmed_email`, `failed_attempts`, `unlock_token`, `locked_at`, `created_at`, `updated_at` FROM users WHERE username='KOPOJI' LIMIT 1
2015-09-27 23:28:48  [17794] UPDATE users SET updated_at='2015-09-27T23:28:48' WHERE id=1
2015-09-27 23:28:48  [17794] SELECT `id`, `title`, `code`, `code_url`, `status`, `created_at`, `updated_at`, `editable`, `user_id`, `show_from` FROM codes WHERE id=43 LIMIT 1
2015-09-27 23:28:48  [17794] SELECT `id`, `username`, `email`, `encrypted_password`, `reset_password_token`, `reset_password_sent_at`, `remember_created_at`, `sign_in_count`, `current_sign_in_at`, `last_sign_in_at`, `current_sign_in_ip`, `last_sign_in_ip`, `confirmation_token`, `confirmed_at`, `confirmation_sent_at`, `unconfirmed_email`, `failed_attempts`, `unlock_token`, `locked_at`, `created_at`, `updated_at` FROM users WHERE id=1 LIMIT 1
2015-09-27 23:28:48  [17794] SELECT `id`, `code_id`, `image`, `created_at`, `updated_at` FROM attachments WHERE code_id=43 ORDER BY id DESC
2015-09-27 23:28:48  [17794] [COMMIT] [databaseId:0]
2015-09-27 23:28:50  [17794] [BEGIN] [databaseId:0]
2015-09-27 23:28:50  [17794] SELECT `id`, `username`, `email`, `encrypted_password`, `reset_password_token`, `reset_password_sent_at`, `remember_created_at`, `sign_in_count`, `current_sign_in_at`, `last_sign_in_at`, `current_sign_in_ip`, `last_sign_in_ip`, `confirmation_token`, `confirmed_at`, `confirmation_sent_at`, `unconfirmed_email`, `failed_attempts`, `unlock_token`, `locked_at`, `created_at`, `updated_at` FROM users WHERE username='KOPOJI' LIMIT 1
2015-09-27 23:28:50  [17794] UPDATE users SET updated_at='2015-09-27T23:28:50' WHERE id=1
2015-09-27 23:28:50  [17794] SELECT `id`, `title`, `code`, `code_url`, `status`, `created_at`, `updated_at`, `editable`, `user_id`, `show_from` FROM codes WHERE id=44 LIMIT 1
2015-09-27 23:28:50  [17794] SELECT `id`, `username`, `email`, `encrypted_password`, `reset_password_token`, `reset_password_sent_at`, `remember_created_at`, `sign_in_count`, `current_sign_in_at`, `last_sign_in_at`, `current_sign_in_ip`, `last_sign_in_ip`, `confirmation_token`, `confirmed_at`, `confirmation_sent_at`, `unconfirmed_email`, `failed_attempts`, `unlock_token`, `locked_at`, `created_at`, `updated_at` FROM users WHERE id=1 LIMIT 1
2015-09-27 23:28:50  [17794] SELECT `id`, `code_id`, `image`, `created_at`, `updated_at` FROM attachments WHERE code_id=44 ORDER BY id DESC
2015-09-27 23:28:50  [17794] [COMMIT] [databaseId:0]
2015-09-27 23:28:51  [17794] [BEGIN] [databaseId:0]
2015-09-27 23:28:51  [17794] SELECT `id`, `username`, `email`, `encrypted_password`, `reset_password_token`, `reset_password_sent_at`, `remember_created_at`, `sign_in_count`, `current_sign_in_at`, `last_sign_in_at`, `current_sign_in_ip`, `last_sign_in_ip`, `confirmation_token`, `confirmed_at`, `confirmation_sent_at`, `unconfirmed_email`, `failed_attempts`, `unlock_token`, `locked_at`, `created_at`, `updated_at` FROM users WHERE username='KOPOJI' LIMIT 1
2015-09-27 23:28:51  [17794] UPDATE users SET updated_at='2015-09-27T23:28:51' WHERE id=1
2015-09-27 23:28:51  [17794] SELECT `id`, `title`, `code`, `code_url`, `status`, `created_at`, `updated_at`, `editable`, `user_id`, `show_from` FROM codes WHERE id=44 LIMIT 1
2015-09-27 23:28:51  [17794] SELECT `id`, `username`, `email`, `encrypted_password`, `reset_password_token`, `reset_password_sent_at`, `remember_created_at`, `sign_in_count`, `current_sign_in_at`, `last_sign_in_at`, `current_sign_in_ip`, `last_sign_in_ip`, `confirmation_token`, `confirmed_at`, `confirmation_sent_at`, `unconfirmed_email`, `failed_attempts`, `unlock_token`, `locked_at`, `created_at`, `updated_at` FROM users WHERE id=1 LIMIT 1
2015-09-27 23:28:51  [17794] SELECT `id`, `code_id`, `image`, `created_at`, `updated_at` FROM attachments WHERE code_id=44 ORDER BY id DESC
2015-09-27 23:28:51  [17794] [COMMIT] [databaseId:0]
2015-09-27 23:28:52  [17794] [BEGIN] [databaseId:0]
2015-09-27 23:28:52  [17794] SELECT `id`, `username`, `email`, `encrypted_password`, `reset_password_token`, `reset_password_sent_at`, `remember_created_at`, `sign_in_count`, `current_sign_in_at`, `last_sign_in_at`, `current_sign_in_ip`, `last_sign_in_ip`, `confirmation_token`, `confirmed_at`, `confirmation_sent_at`, `unconfirmed_email`, `failed_attempts`, `unlock_token`, `locked_at`, `created_at`, `updated_at` FROM users WHERE username='KOPOJI' LIMIT 1
2015-09-27 23:28:52  [17794] UPDATE users SET updated_at='2015-09-27T23:28:52' WHERE id=1
2015-09-27 23:28:52  [17794] SELECT `id`, `title`, `code`, `code_url`, `status`, `created_at`, `updated_at`, `editable`, `user_id`, `show_from` FROM codes WHERE id=45 LIMIT 1
2015-09-27 23:28:52  [17794] SELECT `id`, `username`, `email`, `encrypted_password`, `reset_password_token`, `reset_password_sent_at`, `remember_created_at`, `sign_in_count`, `current_sign_in_at`, `last_sign_in_at`, `current_sign_in_ip`, `last_sign_in_ip`, `confirmation_token`, `confirmed_at`, `confirmation_sent_at`, `unconfirmed_email`, `failed_attempts`, `unlock_token`, `locked_at`, `created_at`, `updated_at` FROM users WHERE id=1 LIMIT 1
2015-09-27 23:28:52  [17794] SELECT `id`, `code_id`, `image`, `created_at`, `updated_at` FROM attachments WHERE code_id=45 ORDER BY id DESC
2015-09-27 23:28:52  [17794] [COMMIT] [databaseId:0]
2015-09-27 23:28:53  [17794] [BEGIN] [databaseId:0]
2015-09-27 23:28:53  [17794] SELECT `id`, `username`, `email`, `encrypted_password`, `reset_password_token`, `reset_password_sent_at`, `remember_created_at`, `sign_in_count`, `current_sign_in_at`, `last_sign_in_at`, `current_sign_in_ip`, `last_sign_in_ip`, `confirmation_token`, `confirmed_at`, `confirmation_sent_at`, `unconfirmed_email`, `failed_attempts`, `unlock_token`, `locked_at`, `created_at`, `updated_at` FROM users WHERE username='KOPOJI' LIMIT 1
2015-09-27 23:28:53  [17794] UPDATE users SET updated_at='2015-09-27T23:28:53' WHERE id=1
2015-09-27 23:28:53  [17794] SELECT `id`, `title`, `code`, `code_url`, `status`, `created_at`, `updated_at`, `editable`, `user_id`, `show_from` FROM codes WHERE id=46 LIMIT 1
2015-09-27 23:28:53  [17794] SELECT `id`, `username`, `email`, `encrypted_password`, `reset_password_token`, `reset_password_sent_at`, `remember_created_at`, `sign_in_count`, `current_sign_in_at`, `last_sign_in_at`, `current_sign_in_ip`, `last_sign_in_ip`, `confirmation_token`, `confirmed_at`, `confirmation_sent_at`, `unconfirmed_email`, `failed_attempts`, `unlock_token`, `locked_at`, `created_at`, `updated_at` FROM users WHERE id=1 LIMIT 1
2015-09-27 23:28:53  [17794] SELECT `id`, `code_id`, `image`, `created_at`, `updated_at` FROM attachments WHERE code_id=46 ORDER BY id DESC
2015-09-27 23:28:53  [17794] [COMMIT] [databaseId:0]
2015-09-27 23:28:54  [17794] [BEGIN] [databaseId:0]
2015-09-27 23:28:54  [17794] SELECT `id`, `username`, `email`, `encrypted_password`, `reset_password_token`, `reset_password_sent_at`, `remember_created_at`, `sign_in_count`, `current_sign_in_at`, `last_sign_in_at`, `current_sign_in_ip`, `last_sign_in_ip`, `confirmation_token`, `confirmed_at`, `confirmation_sent_at`, `unconfirmed_email`, `failed_attempts`, `unlock_token`, `locked_at`, `created_at`, `updated_at` FROM users WHERE username='KOPOJI' LIMIT 1
2015-09-27 23:28:54  [17794] UPDATE users SET updated_at='2015-09-27T23:28:54' WHERE id=1
2015-09-27 23:28:54  [17794] SELECT `id`, `title`, `code`, `code_url`, `status`, `created_at`, `updated_at`, `editable`, `user_id`, `show_from` FROM codes WHERE id=47 LIMIT 1
2015-09-27 23:28:54  [17794] SELECT `id`, `username`, `email`, `encrypted_password`, `reset_password_token`, `reset_password_sent_at`, `remember_created_at`, `sign_in_count`, `current_sign_in_at`, `last_sign_in_at`, `current_sign_in_ip`, `last_sign_in_ip`, `confirmation_token`, `confirmed_at`, `confirmation_sent_at`, `unconfirmed_email`, `failed_attempts`, `unlock_token`, `locked_at`, `created_at`, `updated_at` FROM users WHERE id=1 LIMIT 1
2015-09-27 23:28:54  [17794] SELECT `id`, `code_id`, `image`, `created_at`, `updated_at` FROM attachments WHERE code_id=47 ORDER BY id DESC
2015-09-27 23:28:54  [17794] [COMMIT] [databaseId:0]
2015-09-27 23:28:54  [17794] [BEGIN] [databaseId:0]
2015-09-27 23:28:54  [17794] SELECT `id`, `username`, `email`, `encrypted_password`, `reset_password_token`, `reset_password_sent_at`, `remember_created_at`, `sign_in_count`, `current_sign_in_at`, `last_sign_in_at`, `current_sign_in_ip`, `last_sign_in_ip`, `confirmation_token`, `confirmed_at`, `confirmation_sent_at`, `unconfirmed_email`, `failed_attempts`, `unlock_token`, `locked_at`, `created_at`, `updated_at` FROM users WHERE username='KOPOJI' LIMIT 1
2015-09-27 23:28:54  [17794] UPDATE users SET updated_at='2015-09-27T23:28:54' WHERE id=1
2015-09-27 23:28:54  [17794] SELECT `id`, `title`, `code`, `code_url`, `status`, `created_at`, `updated_at`, `editable`, `user_id`, `show_from` FROM codes WHERE id=48 LIMIT 1
2015-09-27 23:28:54  [17794] SELECT `id`, `code_id`, `image`, `created_at`, `updated_at` FROM attachments WHERE code_id=48 ORDER BY id DESC
2015-09-27 23:28:54  [17794] [COMMIT] [databaseId:0]
2015-09-27 23:28:55  [17794] [BEGIN] [databaseId:0]
2015-09-27 23:28:55  [17794] SELECT `id`, `username`, `email`, `encrypted_password`, `reset_password_token`, `reset_password_sent_at`, `remember_created_at`, `sign_in_count`, `current_sign_in_at`, `last_sign_in_at`, `current_sign_in_ip`, `last_sign_in_ip`, `confirmation_token`, `confirmed_at`, `confirmation_sent_at`, `unconfirmed_email`, `failed_attempts`, `unlock_token`, `locked_at`, `created_at`, `updated_at` FROM users WHERE username='KOPOJI' LIMIT 1
2015-09-27 23:28:55  [17794] UPDATE users SET updated_at='2015-09-27T23:28:55' WHERE id=1
2015-09-27 23:28:55  [17794] SELECT `id`, `title`, `code`, `code_url`, `status`, `created_at`, `updated_at`, `editable`, `user_id`, `show_from` FROM codes WHERE id=49 LIMIT 1
2015-09-27 23:28:55  [17794] SELECT `id`, `code_id`, `image`, `created_at`, `updated_at` FROM attachments WHERE code_id=49 ORDER BY id DESC
2015-09-27 23:28:55  [17794] [COMMIT] [databaseId:0]
2015-09-27 23:28:56  [17794] [BEGIN] [databaseId:0]
2015-09-27 23:28:56  [17794] SELECT `id`, `username`, `email`, `encrypted_password`, `reset_password_token`, `reset_password_sent_at`, `remember_created_at`, `sign_in_count`, `current_sign_in_at`, `last_sign_in_at`, `current_sign_in_ip`, `last_sign_in_ip`, `confirmation_token`, `confirmed_at`, `confirmation_sent_at`, `unconfirmed_email`, `failed_attempts`, `unlock_token`, `locked_at`, `created_at`, `updated_at` FROM users WHERE username='KOPOJI' LIMIT 1
2015-09-27 23:28:56  [17794] UPDATE users SET updated_at='2015-09-27T23:28:56' WHERE id=1
2015-09-27 23:28:56  [17794] SELECT `id`, `title`, `code`, `code_url`, `status`, `created_at`, `updated_at`, `editable`, `user_id`, `show_from` FROM codes WHERE id=50 LIMIT 1
2015-09-27 23:28:56  [17794] SELECT `id`, `code_id`, `image`, `created_at`, `updated_at` FROM attachments WHERE code_id=50 ORDER BY id DESC
2015-09-27 23:28:56  [17794] [COMMIT] [databaseId:0]
2015-09-27 23:28:56  [17794] [BEGIN] [databaseId:0]
2015-09-27 23:28:56  [17794] SELECT `id`, `username`, `email`, `encrypted_password`, `reset_password_token`, `reset_password_sent_at`, `remember_created_at`, `sign_in_count`, `current_sign_in_at`, `last_sign_in_at`, `current_sign_in_ip`, `last_sign_in_ip`, `confirmation_token`, `confirmed_at`, `confirmation_sent_at`, `unconfirmed_email`, `failed_attempts`, `unlock_token`, `locked_at`, `created_at`, `updated_at` FROM users WHERE username='KOPOJI' LIMIT 1
2015-09-27 23:28:56  [17794] UPDATE users SET updated_at='2015-09-27T23:28:56' WHERE id=1
2015-09-27 23:28:56  [17794] SELECT `id`, `title`, `code`, `code_url`, `status`, `created_at`, `updated_at`, `editable`, `user_id`, `show_from` FROM codes WHERE id=51 LIMIT 1
2015-09-27 23:28:56  [17794] SELECT `id`, `username`, `email`, `encrypted_password`, `reset_password_token`, `reset_password_sent_at`, `remember_created_at`, `sign_in_count`, `current_sign_in_at`, `last_sign_in_at`, `current_sign_in_ip`, `last_sign_in_ip`, `confirmation_token`, `confirmed_at`, `confirmation_sent_at`, `unconfirmed_email`, `failed_attempts`, `unlock_token`, `locked_at`, `created_at`, `updated_at` FROM users WHERE id=1 LIMIT 1
2015-09-27 23:28:56  [17794] SELECT `id`, `code_id`, `image`, `created_at`, `updated_at` FROM attachments WHERE code_id=51 ORDER BY id DESC
2015-09-27 23:28:56  [17794] [COMMIT] [databaseId:0]
2015-09-27 23:28:57  [17794] [BEGIN] [databaseId:0]
2015-09-27 23:28:57  [17794] SELECT `id`, `username`, `email`, `encrypted_password`, `reset_password_token`, `reset_password_sent_at`, `remember_created_at`, `sign_in_count`, `current_sign_in_at`, `last_sign_in_at`, `current_sign_in_ip`, `last_sign_in_ip`, `confirmation_token`, `confirmed_at`, `confirmation_sent_at`, `unconfirmed_email`, `failed_attempts`, `unlock_token`, `locked_at`, `created_at`, `updated_at` FROM users WHERE username='KOPOJI' LIMIT 1
2015-09-27 23:28:57  [17794] UPDATE users SET updated_at='2015-09-27T23:28:57' WHERE id=1
2015-09-27 23:28:57  [17794] SELECT `id`, `title`, `code`, `code_url`, `status`, `created_at`, `updated_at`, `editable`, `user_id`, `show_from` FROM codes WHERE id=60 LIMIT 1
2015-09-27 23:28:57  [17794] SELECT `id`, `code_id`, `image`, `created_at`, `updated_at` FROM attachments WHERE code_id=60 ORDER BY id DESC
2015-09-27 23:28:57  [17794] [COMMIT] [databaseId:0]
2015-09-27 23:28:58  [17794] [BEGIN] [databaseId:0]
2015-09-27 23:28:58  [17794] SELECT `id`, `username`, `email`, `encrypted_password`, `reset_password_token`, `reset_password_sent_at`, `remember_created_at`, `sign_in_count`, `current_sign_in_at`, `last_sign_in_at`, `current_sign_in_ip`, `last_sign_in_ip`, `confirmation_token`, `confirmed_at`, `confirmation_sent_at`, `unconfirmed_email`, `failed_attempts`, `unlock_token`, `locked_at`, `created_at`, `updated_at` FROM users WHERE username='KOPOJI' LIMIT 1
2015-09-27 23:28:58  [17794] UPDATE users SET updated_at='2015-09-27T23:28:58' WHERE id=1
2015-09-27 23:28:58  [17794] SELECT `id`, `title`, `code`, `code_url`, `status`, `created_at`, `updated_at`, `editable`, `user_id`, `show_from` FROM codes WHERE id=61 LIMIT 1
2015-09-27 23:28:58  [17794] SELECT `id`, `code_id`, `image`, `created_at`, `updated_at` FROM attachments WHERE code_id=61 ORDER BY id DESC
2015-09-27 23:28:58  [17794] [COMMIT] [databaseId:0]
2015-09-27 23:28:59  [17794] [BEGIN] [databaseId:0]
2015-09-27 23:28:59  [17794] SELECT `id`, `username`, `email`, `encrypted_password`, `reset_password_token`, `reset_password_sent_at`, `remember_created_at`, `sign_in_count`, `current_sign_in_at`, `last_sign_in_at`, `current_sign_in_ip`, `last_sign_in_ip`, `confirmation_token`, `confirmed_at`, `confirmation_sent_at`, `unconfirmed_email`, `failed_attempts`, `unlock_token`, `locked_at`, `created_at`, `updated_at` FROM users WHERE username='KOPOJI' LIMIT 1
2015-09-27 23:28:59  [17794] UPDATE users SET updated_at='2015-09-27T23:28:59' WHERE id=1
2015-09-27 23:28:59  [17794] SELECT `id`, `title`, `code`, `code_url`, `status`, `created_at`, `updated_at`, `editable`, `user_id`, `show_from` FROM codes WHERE id=62 LIMIT 1
2015-09-27 23:28:59  [17794] SELECT `id`, `code_id`, `image`, `created_at`, `updated_at` FROM attachments WHERE code_id=62 ORDER BY id DESC
2015-09-27 23:28:59  [17794] [COMMIT] [databaseId:0]
2015-09-27 23:29:01  [17794] [BEGIN] [databaseId:0]
2015-09-27 23:29:01  [17794] SELECT `id`, `username`, `email`, `encrypted_password`, `reset_password_token`, `reset_password_sent_at`, `remember_created_at`, `sign_in_count`, `current_sign_in_at`, `last_sign_in_at`, `current_sign_in_ip`, `last_sign_in_ip`, `confirmation_token`, `confirmed_at`, `confirmation_sent_at`, `unconfirmed_email`, `failed_attempts`, `unlock_token`, `locked_at`, `created_at`, `updated_at` FROM users WHERE username='KOPOJI' LIMIT 1
2015-09-27 23:29:01  [17794] UPDATE users SET updated_at='2015-09-27T23:29:01' WHERE id=1
2015-09-27 23:29:01  [17794] SELECT `id`, `title`, `code`, `code_url`, `status`, `created_at`, `updated_at`, `editable`, `user_id`, `show_from` FROM codes WHERE id=62 LIMIT 1
2015-09-27 23:29:01  [17794] SELECT `id`, `title`, `code`, `code_url`, `status`, `created_at`, `updated_at`, `editable`, `user_id`, `show_from` FROM codes ORDER BY id DESC LIMIT 20
2015-09-27 23:29:01  [17794] SELECT `id`, `code_id`, `image`, `created_at`, `updated_at` FROM attachments WHERE code_id=62 ORDER BY id DESC
2015-09-27 23:29:01  [17794] [COMMIT] [databaseId:0]
2015-09-27 23:29:02  [17794] [BEGIN] [databaseId:0]
2015-09-27 23:29:02  [17794] SELECT `id`, `username`, `email`, `encrypted_password`, `reset_password_token`, `reset_password_sent_at`, `remember_created_at`, `sign_in_count`, `current_sign_in_at`, `last_sign_in_at`, `current_sign_in_ip`, `last_sign_in_ip`, `confirmation_token`, `confirmed_at`, `confirmation_sent_at`, `unconfirmed_email`, `failed_attempts`, `unlock_token`, `locked_at`, `created_at`, `updated_at` FROM users WHERE username='KOPOJI' LIMIT 1
2015-09-27 23:29:02  [17794] UPDATE users SET updated_at='2015-09-27T23:29:02' WHERE id=1
2015-09-27 23:29:02  [17794] SELECT `id`, `title`, `code`, `code_url`, `status`, `created_at`, `updated_at`, `editable`, `user_id`, `show_from` FROM codes WHERE id=63 LIMIT 1
2015-09-27 23:29:02  [17794] SELECT `id`, `code_id`, `image`, `created_at`, `updated_at` FROM attachments WHERE code_id=63 ORDER BY id DESC
2015-09-27 23:29:02  [17794] [COMMIT] [databaseId:0]
2015-09-27 23:29:03  [17794] [BEGIN] [databaseId:0]
2015-09-27 23:29:03  [17794] SELECT `id`, `username`, `email`, `encrypted_password`, `reset_password_token`, `reset_password_sent_at`, `remember_created_at`, `sign_in_count`, `current_sign_in_at`, `last_sign_in_at`, `current_sign_in_ip`, `last_sign_in_ip`, `confirmation_token`, `confirmed_at`, `confirmation_sent_at`, `unconfirmed_email`, `failed_attempts`, `unlock_token`, `locked_at`, `created_at`, `updated_at` FROM users WHERE username='KOPOJI' LIMIT 1
2015-09-27 23:29:03  [17794] UPDATE users SET updated_at='2015-09-27T23:29:03' WHERE id=1
2015-09-27 23:29:03  [17794] SELECT `id`, `title`, `code`, `code_url`, `status`, `created_at`, `updated_at`, `editable`, `user_id`, `show_from` FROM codes WHERE id=64 LIMIT 1
2015-09-27 23:29:03  [17794] SELECT `id`, `code_id`, `image`, `created_at`, `updated_at` FROM attachments WHERE code_id=64 ORDER BY id DESC
2015-09-27 23:29:03  [17794] [COMMIT] [databaseId:0]
2015-09-27 23:29:06  [17794] [BEGIN] [databaseId:0]
2015-09-27 23:29:06  [17794] SELECT `id`, `username`, `email`, `encrypted_password`, `reset_password_token`, `reset_password_sent_at`, `remember_created_at`, `sign_in_count`, `current_sign_in_at`, `last_sign_in_at`, `current_sign_in_ip`, `last_sign_in_ip`, `confirmation_token`, `confirmed_at`, `confirmation_sent_at`, `unconfirmed_email`, `failed_attempts`, `unlock_token`, `locked_at`, `created_at`, `updated_at` FROM users WHERE username='KOPOJI' LIMIT 1
2015-09-27 23:29:06  [17794] UPDATE users SET updated_at='2015-09-27T23:29:06' WHERE id=1
2015-09-27 23:29:06  [17794] SELECT `id`, `title`, `code`, `code_url`, `status`, `created_at`, `updated_at`, `editable`, `user_id`, `show_from` FROM codes WHERE id=64 LIMIT 1
2015-09-27 23:29:06  [17794] SELECT `id`, `username`, `email`, `encrypted_password`, `reset_password_token`, `reset_password_sent_at`, `remember_created_at`, `sign_in_count`, `current_sign_in_at`, `last_sign_in_at`, `current_sign_in_ip`, `last_sign_in_ip`, `confirmation_token`, `confirmed_at`, `confirmation_sent_at`, `unconfirmed_email`, `failed_attempts`, `unlock_token`, `locked_at`, `created_at`, `updated_at` FROM users WHERE username='KOPOJI' LIMIT 1
2015-09-27 23:29:06  [17794] UPDATE users SET updated_at='2015-09-27T23:29:06' WHERE id=1
2015-09-27 23:29:06  [17794] SELECT `id`, `code_id`, `image`, `created_at`, `updated_at` FROM attachments WHERE code_id=64 ORDER BY id DESC
2015-09-27 23:29:06  [17794] [COMMIT] [databaseId:0]
2015-09-27 23:29:32  [17841] [BEGIN] [databaseId:0]
2015-09-27 23:29:32  [17841] SELECT `id`, `username`, `email`, `encrypted_password`, `reset_password_token`, `reset_password_sent_at`, `remember_created_at`, `sign_in_count`, `current_sign_in_at`, `last_sign_in_at`, `current_sign_in_ip`, `last_sign_in_ip`, `confirmation_token`, `confirmed_at`, `confirmation_sent_at`, `unconfirmed_email`, `failed_attempts`, `unlock_token`, `locked_at`, `created_at`, `updated_at` FROM users WHERE username='KOPOJI' LIMIT 1
2015-09-27 23:29:32  [17841] UPDATE users SET updated_at='2015-09-27T23:29:32' WHERE id=1
2015-09-27 23:29:32  [17841] SELECT `id`, `title`, `code`, `code_url`, `status`, `created_at`, `updated_at`, `editable`, `user_id`, `show_from` FROM codes WHERE id=64 LIMIT 1
2015-09-27 23:29:32  [17841] UPDATE codes SET code='[B][URL="http://www.cyberforum.ru/java-j2se/thread1117934.html#post5894333"]getInt()[/URL][/B]
[JAVA]public static int getInt()
{
    Scanner in = new Scanner(System.in);
    String s = null;
    Pattern p = Pattern.compile("^\\\\d+$");
    Matcher m = null;
 
    do
    {
        System.out.println("  ");
        s = in.nextLine();
        m = p.matcher(s);
    } while(!m.matches());
 
    return Integer.parseInt(s);
}[/JAVA]
[JAVA]....
int x = getInt();[/JAVA]', updated_at='2015-09-27T23:29:32' WHERE id=64
2015-09-27 23:29:32  [17841] SELECT `id`, `title`, `code`, `code_url`, `status`, `created_at`, `updated_at`, `editable`, `user_id`, `show_from` FROM codes WHERE id=64 LIMIT 1
2015-09-27 23:29:32  [17841] [COMMIT] [databaseId:0]
2015-09-27 23:29:33  [17841] [BEGIN] [databaseId:0]
2015-09-27 23:29:33  [17841] SELECT `id`, `username`, `email`, `encrypted_password`, `reset_password_token`, `reset_password_sent_at`, `remember_created_at`, `sign_in_count`, `current_sign_in_at`, `last_sign_in_at`, `current_sign_in_ip`, `last_sign_in_ip`, `confirmation_token`, `confirmed_at`, `confirmation_sent_at`, `unconfirmed_email`, `failed_attempts`, `unlock_token`, `locked_at`, `created_at`, `updated_at` FROM users WHERE username='KOPOJI' LIMIT 1
2015-09-27 23:29:33  [17841] UPDATE users SET updated_at='2015-09-27T23:29:33' WHERE id=1
2015-09-27 23:29:33  [17841] SELECT `id`, `title`, `code`, `code_url`, `status`, `created_at`, `updated_at`, `editable`, `user_id`, `show_from` FROM codes WHERE id=64 LIMIT 1
2015-09-27 23:29:33  [17841] SELECT `id`, `code_id`, `image`, `created_at`, `updated_at` FROM attachments WHERE code_id=64 ORDER BY id DESC
2015-09-27 23:29:33  [17841] [COMMIT] [databaseId:0]
2015-09-27 23:29:38  [17841] [BEGIN] [databaseId:0]
2015-09-27 23:29:38  [17841] SELECT `id`, `username`, `email`, `encrypted_password`, `reset_password_token`, `reset_password_sent_at`, `remember_created_at`, `sign_in_count`, `current_sign_in_at`, `last_sign_in_at`, `current_sign_in_ip`, `last_sign_in_ip`, `confirmation_token`, `confirmed_at`, `confirmation_sent_at`, `unconfirmed_email`, `failed_attempts`, `unlock_token`, `locked_at`, `created_at`, `updated_at` FROM users WHERE username='KOPOJI' LIMIT 1
2015-09-27 23:29:38  [17841] UPDATE users SET updated_at='2015-09-27T23:29:38' WHERE id=1
2015-09-27 23:29:38  [17841] SELECT `id`, `title`, `code`, `code_url`, `status`, `created_at`, `updated_at`, `editable`, `user_id`, `show_from` FROM codes WHERE id=64 LIMIT 1
2015-09-27 23:29:38  [17841] SELECT `id`, `code_id`, `image`, `created_at`, `updated_at` FROM attachments WHERE code_id=64 ORDER BY id DESC
2015-09-27 23:29:38  [17841] [COMMIT] [databaseId:0]
2015-09-27 23:29:49  [17862] [BEGIN] [databaseId:0]
2015-09-27 23:29:49  [17862] SELECT `id`, `username`, `email`, `encrypted_password`, `reset_password_token`, `reset_password_sent_at`, `remember_created_at`, `sign_in_count`, `current_sign_in_at`, `last_sign_in_at`, `current_sign_in_ip`, `last_sign_in_ip`, `confirmation_token`, `confirmed_at`, `confirmation_sent_at`, `unconfirmed_email`, `failed_attempts`, `unlock_token`, `locked_at`, `created_at`, `updated_at` FROM users WHERE username='KOPOJI' LIMIT 1
2015-09-27 23:29:49  [17862] UPDATE users SET updated_at='2015-09-27T23:29:49' WHERE id=1
2015-09-27 23:29:49  [17862] [COMMIT] [databaseId:0]
2015-09-27 23:29:51  [17862] [BEGIN] [databaseId:0]
2015-09-27 23:29:51  [17862] SELECT `id`, `username`, `email`, `encrypted_password`, `reset_password_token`, `reset_password_sent_at`, `remember_created_at`, `sign_in_count`, `current_sign_in_at`, `last_sign_in_at`, `current_sign_in_ip`, `last_sign_in_ip`, `confirmation_token`, `confirmed_at`, `confirmation_sent_at`, `unconfirmed_email`, `failed_attempts`, `unlock_token`, `locked_at`, `created_at`, `updated_at` FROM users WHERE username='KOPOJI' LIMIT 1
2015-09-27 23:29:51  [17862] UPDATE users SET updated_at='2015-09-27T23:29:51' WHERE id=1
2015-09-27 23:29:51  [17862] SELECT `id`, `title`, `code`, `code_url`, `status`, `created_at`, `updated_at`, `editable`, `user_id`, `show_from` FROM codes ORDER BY id DESC LIMIT 20 OFFSET 20
2015-09-27 23:29:51  [17862] [COMMIT] [databaseId:0]
2015-09-27 23:29:53  [17862] [BEGIN] [databaseId:0]
2015-09-27 23:29:53  [17862] SELECT `id`, `username`, `email`, `encrypted_password`, `reset_password_token`, `reset_password_sent_at`, `remember_created_at`, `sign_in_count`, `current_sign_in_at`, `last_sign_in_at`, `current_sign_in_ip`, `last_sign_in_ip`, `confirmation_token`, `confirmed_at`, `confirmation_sent_at`, `unconfirmed_email`, `failed_attempts`, `unlock_token`, `locked_at`, `created_at`, `updated_at` FROM users WHERE username='KOPOJI' LIMIT 1
2015-09-27 23:29:53  [17862] UPDATE users SET updated_at='2015-09-27T23:29:53' WHERE id=1
2015-09-27 23:29:53  [17862] SELECT `id`, `title`, `code`, `code_url`, `status`, `created_at`, `updated_at`, `editable`, `user_id`, `show_from` FROM codes ORDER BY id DESC LIMIT 20
2015-09-27 23:29:53  [17862] [COMMIT] [databaseId:0]
2015-09-27 23:29:54  [17862] [BEGIN] [databaseId:0]
2015-09-27 23:29:54  [17862] SELECT `id`, `username`, `email`, `encrypted_password`, `reset_password_token`, `reset_password_sent_at`, `remember_created_at`, `sign_in_count`, `current_sign_in_at`, `last_sign_in_at`, `current_sign_in_ip`, `last_sign_in_ip`, `confirmation_token`, `confirmed_at`, `confirmation_sent_at`, `unconfirmed_email`, `failed_attempts`, `unlock_token`, `locked_at`, `created_at`, `updated_at` FROM users WHERE username='KOPOJI' LIMIT 1
2015-09-27 23:29:54  [17862] UPDATE users SET updated_at='2015-09-27T23:29:54' WHERE id=1
2015-09-27 23:29:54  [17862] SELECT `id`, `title`, `code`, `code_url`, `status`, `created_at`, `updated_at`, `editable`, `user_id`, `show_from` FROM codes WHERE id=82 LIMIT 1
2015-09-27 23:29:54  [17862] SELECT `id`, `code_id`, `image`, `created_at`, `updated_at` FROM attachments WHERE code_id=82 ORDER BY id DESC
2015-09-27 23:29:54  [17862] [COMMIT] [databaseId:0]
2015-09-27 23:29:56  [17862] [BEGIN] [databaseId:0]
2015-09-27 23:29:57  [17862] SELECT `id`, `username`, `email`, `encrypted_password`, `reset_password_token`, `reset_password_sent_at`, `remember_created_at`, `sign_in_count`, `current_sign_in_at`, `last_sign_in_at`, `current_sign_in_ip`, `last_sign_in_ip`, `confirmation_token`, `confirmed_at`, `confirmation_sent_at`, `unconfirmed_email`, `failed_attempts`, `unlock_token`, `locked_at`, `created_at`, `updated_at` FROM users WHERE username='KOPOJI' LIMIT 1
2015-09-27 23:29:57  [17862] UPDATE users SET updated_at='2015-09-27T23:29:57' WHERE id=1
2015-09-27 23:29:57  [17862] SELECT `id`, `title`, `code`, `code_url`, `status`, `created_at`, `updated_at`, `editable`, `user_id`, `show_from` FROM codes WHERE id=82 LIMIT 1
2015-09-27 23:29:57  [17862] SELECT `id`, `title`, `code`, `code_url`, `status`, `created_at`, `updated_at`, `editable`, `user_id`, `show_from` FROM codes ORDER BY id DESC LIMIT 20 OFFSET 20
2015-09-27 23:29:57  [17862] SELECT `id`, `code_id`, `image`, `created_at`, `updated_at` FROM attachments WHERE code_id=82 ORDER BY id DESC
2015-09-27 23:29:57  [17862] [COMMIT] [databaseId:0]
2015-09-27 23:29:58  [17862] [BEGIN] [databaseId:0]
2015-09-27 23:29:58  [17862] SELECT `id`, `username`, `email`, `encrypted_password`, `reset_password_token`, `reset_password_sent_at`, `remember_created_at`, `sign_in_count`, `current_sign_in_at`, `last_sign_in_at`, `current_sign_in_ip`, `last_sign_in_ip`, `confirmation_token`, `confirmed_at`, `confirmation_sent_at`, `unconfirmed_email`, `failed_attempts`, `unlock_token`, `locked_at`, `created_at`, `updated_at` FROM users WHERE username='KOPOJI' LIMIT 1
2015-09-27 23:29:58  [17862] UPDATE users SET updated_at='2015-09-27T23:29:58' WHERE id=1
2015-09-27 23:29:58  [17862] SELECT `id`, `title`, `code`, `code_url`, `status`, `created_at`, `updated_at`, `editable`, `user_id`, `show_from` FROM codes WHERE id=62 LIMIT 1
2015-09-27 23:29:58  [17862] SELECT `id`, `code_id`, `image`, `created_at`, `updated_at` FROM attachments WHERE code_id=62 ORDER BY id DESC
2015-09-27 23:29:58  [17862] [COMMIT] [databaseId:0]
2015-09-27 23:30:00  [17862] [BEGIN] [databaseId:0]
2015-09-27 23:30:00  [17862] SELECT `id`, `username`, `email`, `encrypted_password`, `reset_password_token`, `reset_password_sent_at`, `remember_created_at`, `sign_in_count`, `current_sign_in_at`, `last_sign_in_at`, `current_sign_in_ip`, `last_sign_in_ip`, `confirmation_token`, `confirmed_at`, `confirmation_sent_at`, `unconfirmed_email`, `failed_attempts`, `unlock_token`, `locked_at`, `created_at`, `updated_at` FROM users WHERE username='KOPOJI' LIMIT 1
2015-09-27 23:30:00  [17862] UPDATE users SET updated_at='2015-09-27T23:30:00' WHERE id=1
2015-09-27 23:30:00  [17862] SELECT `id`, `title`, `code`, `code_url`, `status`, `created_at`, `updated_at`, `editable`, `user_id`, `show_from` FROM codes WHERE id=62 LIMIT 1
2015-09-27 23:30:00  [17862] SELECT `id`, `title`, `code`, `code_url`, `status`, `created_at`, `updated_at`, `editable`, `user_id`, `show_from` FROM codes ORDER BY id DESC LIMIT 20
2015-09-27 23:30:00  [17862] SELECT `id`, `code_id`, `image`, `created_at`, `updated_at` FROM attachments WHERE code_id=62 ORDER BY id DESC
2015-09-27 23:30:00  [17862] [COMMIT] [databaseId:0]
2015-09-27 23:30:01  [17862] [BEGIN] [databaseId:0]
2015-09-27 23:30:01  [17862] SELECT `id`, `username`, `email`, `encrypted_password`, `reset_password_token`, `reset_password_sent_at`, `remember_created_at`, `sign_in_count`, `current_sign_in_at`, `last_sign_in_at`, `current_sign_in_ip`, `last_sign_in_ip`, `confirmation_token`, `confirmed_at`, `confirmation_sent_at`, `unconfirmed_email`, `failed_attempts`, `unlock_token`, `locked_at`, `created_at`, `updated_at` FROM users WHERE username='KOPOJI' LIMIT 1
2015-09-27 23:30:01  [17862] UPDATE users SET updated_at='2015-09-27T23:30:01' WHERE id=1
2015-09-27 23:30:01  [17862] SELECT `id`, `title`, `code`, `code_url`, `status`, `created_at`, `updated_at`, `editable`, `user_id`, `show_from` FROM codes WHERE id=63 LIMIT 1
2015-09-27 23:30:01  [17862] SELECT `id`, `code_id`, `image`, `created_at`, `updated_at` FROM attachments WHERE code_id=63 ORDER BY id DESC
2015-09-27 23:30:01  [17862] [COMMIT] [databaseId:0]
2015-09-27 23:30:02  [17862] [BEGIN] [databaseId:0]
2015-09-27 23:30:02  [17862] SELECT `id`, `username`, `email`, `encrypted_password`, `reset_password_token`, `reset_password_sent_at`, `remember_created_at`, `sign_in_count`, `current_sign_in_at`, `last_sign_in_at`, `current_sign_in_ip`, `last_sign_in_ip`, `confirmation_token`, `confirmed_at`, `confirmation_sent_at`, `unconfirmed_email`, `failed_attempts`, `unlock_token`, `locked_at`, `created_at`, `updated_at` FROM users WHERE username='KOPOJI' LIMIT 1
2015-09-27 23:30:02  [17862] UPDATE users SET updated_at='2015-09-27T23:30:02' WHERE id=1
2015-09-27 23:30:02  [17862] SELECT `id`, `title`, `code`, `code_url`, `status`, `created_at`, `updated_at`, `editable`, `user_id`, `show_from` FROM codes WHERE id=64 LIMIT 1
2015-09-27 23:30:02  [17862] SELECT `id`, `code_id`, `image`, `created_at`, `updated_at` FROM attachments WHERE code_id=64 ORDER BY id DESC
2015-09-27 23:30:02  [17862] [COMMIT] [databaseId:0]
2015-09-27 23:30:05  [17862] [BEGIN] [databaseId:0]
2015-09-27 23:30:05  [17862] SELECT `id`, `username`, `email`, `encrypted_password`, `reset_password_token`, `reset_password_sent_at`, `remember_created_at`, `sign_in_count`, `current_sign_in_at`, `last_sign_in_at`, `current_sign_in_ip`, `last_sign_in_ip`, `confirmation_token`, `confirmed_at`, `confirmation_sent_at`, `unconfirmed_email`, `failed_attempts`, `unlock_token`, `locked_at`, `created_at`, `updated_at` FROM users WHERE username='KOPOJI' LIMIT 1
2015-09-27 23:30:05  [17862] UPDATE users SET updated_at='2015-09-27T23:30:05' WHERE id=1
2015-09-27 23:30:05  [17862] SELECT `id`, `title`, `code`, `code_url`, `status`, `created_at`, `updated_at`, `editable`, `user_id`, `show_from` FROM codes WHERE id=64 LIMIT 1
2015-09-27 23:30:05  [17862] SELECT `id`, `code_id`, `image`, `created_at`, `updated_at` FROM attachments WHERE code_id=64 ORDER BY id DESC
2015-09-27 23:30:05  [17862] [COMMIT] [databaseId:0]
2015-09-27 23:30:33  [17947] [BEGIN] [databaseId:0]
2015-09-27 23:30:33  [17947] SELECT `id`, `username`, `email`, `encrypted_password`, `reset_password_token`, `reset_password_sent_at`, `remember_created_at`, `sign_in_count`, `current_sign_in_at`, `last_sign_in_at`, `current_sign_in_ip`, `last_sign_in_ip`, `confirmation_token`, `confirmed_at`, `confirmation_sent_at`, `unconfirmed_email`, `failed_attempts`, `unlock_token`, `locked_at`, `created_at`, `updated_at` FROM users WHERE username='KOPOJI' LIMIT 1
2015-09-27 23:30:33  [17947] UPDATE users SET updated_at='2015-09-27T23:30:33' WHERE id=1
2015-09-27 23:30:33  [17947] SELECT `id`, `title`, `code`, `code_url`, `status`, `created_at`, `updated_at`, `editable`, `user_id`, `show_from` FROM codes WHERE id=64 LIMIT 1
2015-09-27 23:30:33  [17947] SELECT COUNT(1) FROM codes
2015-09-27 23:30:33  [17947] SELECT `id`, `title`, `code`, `code_url`, `status`, `created_at`, `updated_at`, `editable`, `user_id`, `show_from` FROM codes ORDER BY id DESC LIMIT 20
2015-09-27 23:30:33  [17947] SELECT `id`, `code_id`, `image`, `created_at`, `updated_at` FROM attachments WHERE code_id=64 ORDER BY id DESC
2015-09-27 23:30:33  [17947] [COMMIT] [databaseId:0]
2015-09-27 23:31:20  [18018] [BEGIN] [databaseId:0]
2015-09-27 23:31:20  [18018] SELECT `id`, `username`, `email`, `encrypted_password`, `reset_password_token`, `reset_password_sent_at`, `remember_created_at`, `sign_in_count`, `current_sign_in_at`, `last_sign_in_at`, `current_sign_in_ip`, `last_sign_in_ip`, `confirmation_token`, `confirmed_at`, `confirmation_sent_at`, `unconfirmed_email`, `failed_attempts`, `unlock_token`, `locked_at`, `created_at`, `updated_at` FROM users WHERE username='KOPOJI' LIMIT 1
2015-09-27 23:31:20  [18018] UPDATE users SET updated_at='2015-09-27T23:31:20' WHERE id=1
2015-09-27 23:31:20  [18018] SELECT `id`, `title`, `code`, `code_url`, `status`, `created_at`, `updated_at`, `editable`, `user_id`, `show_from` FROM codes WHERE id=64 LIMIT 1
2015-09-27 23:31:20  [18018] SELECT COUNT(1) FROM codes
2015-09-27 23:31:20  [18018] SELECT `id`, `title`, `code`, `code_url`, `status`, `created_at`, `updated_at`, `editable`, `user_id`, `show_from` FROM codes ORDER BY id DESC LIMIT 20
2015-09-27 23:31:20  [18018] SELECT `id`, `code_id`, `image`, `created_at`, `updated_at` FROM attachments WHERE code_id=64 ORDER BY id DESC
2015-09-27 23:31:20  [18018] [COMMIT] [databaseId:0]
2015-09-27 23:31:23  [18022] [BEGIN] [databaseId:0]
2015-09-27 23:31:23  [18022] SELECT `id`, `username`, `email`, `encrypted_password`, `reset_password_token`, `reset_password_sent_at`, `remember_created_at`, `sign_in_count`, `current_sign_in_at`, `last_sign_in_at`, `current_sign_in_ip`, `last_sign_in_ip`, `confirmation_token`, `confirmed_at`, `confirmation_sent_at`, `unconfirmed_email`, `failed_attempts`, `unlock_token`, `locked_at`, `created_at`, `updated_at` FROM users WHERE username='KOPOJI' LIMIT 1
2015-09-27 23:31:23  [18022] UPDATE users SET updated_at='2015-09-27T23:31:23' WHERE id=1
2015-09-27 23:31:23  [18022] SELECT `id`, `title`, `code`, `code_url`, `status`, `created_at`, `updated_at`, `editable`, `user_id`, `show_from` FROM codes WHERE id=64 LIMIT 1
2015-09-27 23:31:23  [18022] SELECT `id`, `code_id`, `image`, `created_at`, `updated_at` FROM attachments WHERE code_id=64 ORDER BY id DESC
2015-09-27 23:31:23  [18022] [COMMIT] [databaseId:0]
2015-09-27 23:32:58  [18195] [BEGIN] [databaseId:0]
2015-09-27 23:32:58  [18195] SELECT `id`, `username`, `email`, `encrypted_password`, `reset_password_token`, `reset_password_sent_at`, `remember_created_at`, `sign_in_count`, `current_sign_in_at`, `last_sign_in_at`, `current_sign_in_ip`, `last_sign_in_ip`, `confirmation_token`, `confirmed_at`, `confirmation_sent_at`, `unconfirmed_email`, `failed_attempts`, `unlock_token`, `locked_at`, `created_at`, `updated_at` FROM users WHERE username='KOPOJI' LIMIT 1
2015-09-27 23:32:58  [18195] UPDATE users SET updated_at='2015-09-27T23:32:58' WHERE id=1
2015-09-27 23:32:58  [18195] SELECT `id`, `title`, `code`, `code_url`, `status`, `created_at`, `updated_at`, `editable`, `user_id`, `show_from` FROM codes WHERE id=64 LIMIT 1
2015-09-27 23:32:58  [18195] SELECT COUNT(1) FROM codes
2015-09-27 23:32:58  [18195] SELECT `id`, `title`, `code`, `code_url`, `status`, `created_at`, `updated_at`, `editable`, `user_id`, `show_from` FROM codes ORDER BY id DESC LIMIT 20
2015-09-27 23:32:58  [18195] SELECT `id`, `code_id`, `image`, `created_at`, `updated_at` FROM attachments WHERE code_id=64 ORDER BY id DESC
2015-09-27 23:32:58  [18195] [COMMIT] [databaseId:0]
2015-09-27 23:33:13  [18283] [BEGIN] [databaseId:0]
2015-09-27 23:33:13  [18283] SELECT `id`, `username`, `email`, `encrypted_password`, `reset_password_token`, `reset_password_sent_at`, `remember_created_at`, `sign_in_count`, `current_sign_in_at`, `last_sign_in_at`, `current_sign_in_ip`, `last_sign_in_ip`, `confirmation_token`, `confirmed_at`, `confirmation_sent_at`, `unconfirmed_email`, `failed_attempts`, `unlock_token`, `locked_at`, `created_at`, `updated_at` FROM users WHERE username='KOPOJI' LIMIT 1
2015-09-27 23:33:13  [18283] UPDATE users SET updated_at='2015-09-27T23:33:13' WHERE id=1
2015-09-27 23:33:13  [18283] SELECT `id`, `title`, `code`, `code_url`, `status`, `created_at`, `updated_at`, `editable`, `user_id`, `show_from` FROM codes WHERE id=64 LIMIT 1
2015-09-27 23:33:13  [18283] SELECT COUNT(1) FROM codes
2015-09-27 23:33:13  [18283] SELECT `id`, `title`, `code`, `code_url`, `status`, `created_at`, `updated_at`, `editable`, `user_id`, `show_from` FROM codes ORDER BY id DESC LIMIT 20
2015-09-27 23:33:13  [18283] SELECT `id`, `code_id`, `image`, `created_at`, `updated_at` FROM attachments WHERE code_id=64 ORDER BY id DESC
2015-09-27 23:33:13  [18283] [COMMIT] [databaseId:0]
2015-09-27 23:33:54  [18358] [BEGIN] [databaseId:0]
2015-09-27 23:33:54  [18358] SELECT `id`, `username`, `email`, `encrypted_password`, `reset_password_token`, `reset_password_sent_at`, `remember_created_at`, `sign_in_count`, `current_sign_in_at`, `last_sign_in_at`, `current_sign_in_ip`, `last_sign_in_ip`, `confirmation_token`, `confirmed_at`, `confirmation_sent_at`, `unconfirmed_email`, `failed_attempts`, `unlock_token`, `locked_at`, `created_at`, `updated_at` FROM users WHERE username='KOPOJI' LIMIT 1
2015-09-27 23:33:54  [18358] UPDATE users SET updated_at='2015-09-27T23:33:54' WHERE id=1
2015-09-27 23:33:54  [18358] SELECT `id`, `title`, `code`, `code_url`, `status`, `created_at`, `updated_at`, `editable`, `user_id`, `show_from` FROM codes WHERE id=64 LIMIT 1
2015-09-27 23:33:54  [18358] SELECT COUNT(1) FROM codes
2015-09-27 23:33:54  [18358] SELECT `id`, `title`, `code`, `code_url`, `status`, `created_at`, `updated_at`, `editable`, `user_id`, `show_from` FROM codes ORDER BY id DESC LIMIT 20
2015-09-27 23:33:54  [18358] SELECT `id`, `code_id`, `image`, `created_at`, `updated_at` FROM attachments WHERE code_id=64 ORDER BY id DESC
2015-09-27 23:33:55  [18358] [COMMIT] [databaseId:0]
2015-09-27 23:34:40  [18435] [BEGIN] [databaseId:0]
2015-09-27 23:34:40  [18435] SELECT `id`, `username`, `email`, `encrypted_password`, `reset_password_token`, `reset_password_sent_at`, `remember_created_at`, `sign_in_count`, `current_sign_in_at`, `last_sign_in_at`, `current_sign_in_ip`, `last_sign_in_ip`, `confirmation_token`, `confirmed_at`, `confirmation_sent_at`, `unconfirmed_email`, `failed_attempts`, `unlock_token`, `locked_at`, `created_at`, `updated_at` FROM users WHERE username='KOPOJI' LIMIT 1
2015-09-27 23:34:40  [18435] UPDATE users SET updated_at='2015-09-27T23:34:40' WHERE id=1
2015-09-27 23:34:40  [18435] SELECT `id`, `title`, `code`, `code_url`, `status`, `created_at`, `updated_at`, `editable`, `user_id`, `show_from` FROM codes WHERE id=64 LIMIT 1
2015-09-27 23:34:40  [18435] SELECT COUNT(1) FROM codes
2015-09-27 23:34:40  [18435] SELECT `id`, `title`, `code`, `code_url`, `status`, `created_at`, `updated_at`, `editable`, `user_id`, `show_from` FROM codes ORDER BY id DESC LIMIT 20
2015-09-27 23:34:40  [18435] SELECT `id`, `code_id`, `image`, `created_at`, `updated_at` FROM attachments WHERE code_id=64 ORDER BY id DESC
2015-09-27 23:34:40  [18435] [COMMIT] [databaseId:0]
2015-09-27 23:34:53  [18498] [BEGIN] [databaseId:0]
2015-09-27 23:34:53  [18498] SELECT `id`, `username`, `email`, `encrypted_password`, `reset_password_token`, `reset_password_sent_at`, `remember_created_at`, `sign_in_count`, `current_sign_in_at`, `last_sign_in_at`, `current_sign_in_ip`, `last_sign_in_ip`, `confirmation_token`, `confirmed_at`, `confirmation_sent_at`, `unconfirmed_email`, `failed_attempts`, `unlock_token`, `locked_at`, `created_at`, `updated_at` FROM users WHERE username='KOPOJI' LIMIT 1
2015-09-27 23:34:53  [18498] UPDATE users SET updated_at='2015-09-27T23:34:53' WHERE id=1
2015-09-27 23:34:53  [18498] SELECT `id`, `title`, `code`, `code_url`, `status`, `created_at`, `updated_at`, `editable`, `user_id`, `show_from` FROM codes WHERE id=64 LIMIT 1
2015-09-27 23:34:53  [18498] SELECT COUNT(1) FROM codes
2015-09-27 23:34:53  [18498] SELECT `id`, `title`, `code`, `code_url`, `status`, `created_at`, `updated_at`, `editable`, `user_id`, `show_from` FROM codes ORDER BY id DESC LIMIT 20
2015-09-27 23:34:53  [18498] SELECT `id`, `code_id`, `image`, `created_at`, `updated_at` FROM attachments WHERE code_id=64 ORDER BY id DESC
2015-09-27 23:34:53  [18498] [COMMIT] [databaseId:0]
2015-09-27 23:35:27  [18568] [BEGIN] [databaseId:0]
2015-09-27 23:35:27  [18568] SELECT `id`, `username`, `email`, `encrypted_password`, `reset_password_token`, `reset_password_sent_at`, `remember_created_at`, `sign_in_count`, `current_sign_in_at`, `last_sign_in_at`, `current_sign_in_ip`, `last_sign_in_ip`, `confirmation_token`, `confirmed_at`, `confirmation_sent_at`, `unconfirmed_email`, `failed_attempts`, `unlock_token`, `locked_at`, `created_at`, `updated_at` FROM users WHERE username='KOPOJI' LIMIT 1
2015-09-27 23:35:27  [18568] UPDATE users SET updated_at='2015-09-27T23:35:27' WHERE id=1
2015-09-27 23:35:27  [18568] SELECT `id`, `title`, `code`, `code_url`, `status`, `created_at`, `updated_at`, `editable`, `user_id`, `show_from` FROM codes WHERE id=64 LIMIT 1
2015-09-27 23:35:27  [18568] SELECT COUNT(1) FROM codes
2015-09-27 23:35:27  [18568] SELECT `id`, `title`, `code`, `code_url`, `status`, `created_at`, `updated_at`, `editable`, `user_id`, `show_from` FROM codes ORDER BY id DESC LIMIT 20
2015-09-27 23:35:27  [18568] SELECT `id`, `code_id`, `image`, `created_at`, `updated_at` FROM attachments WHERE code_id=64 ORDER BY id DESC
2015-09-27 23:35:27  [18568] [COMMIT] [databaseId:0]
2015-09-27 23:35:52  [18658] [BEGIN] [databaseId:0]
2015-09-27 23:35:52  [18658] SELECT `id`, `username`, `email`, `encrypted_password`, `reset_password_token`, `reset_password_sent_at`, `remember_created_at`, `sign_in_count`, `current_sign_in_at`, `last_sign_in_at`, `current_sign_in_ip`, `last_sign_in_ip`, `confirmation_token`, `confirmed_at`, `confirmation_sent_at`, `unconfirmed_email`, `failed_attempts`, `unlock_token`, `locked_at`, `created_at`, `updated_at` FROM users WHERE username='KOPOJI' LIMIT 1
2015-09-27 23:35:52  [18658] UPDATE users SET updated_at='2015-09-27T23:35:52' WHERE id=1
2015-09-27 23:35:52  [18658] SELECT `id`, `title`, `code`, `code_url`, `status`, `created_at`, `updated_at`, `editable`, `user_id`, `show_from` FROM codes WHERE id=64 LIMIT 1
2015-09-27 23:35:52  [18658] SELECT COUNT(1) FROM codes
2015-09-27 23:35:52  [18658] SELECT `id`, `title`, `code`, `code_url`, `status`, `created_at`, `updated_at`, `editable`, `user_id`, `show_from` FROM codes ORDER BY id DESC LIMIT 20
2015-09-27 23:35:52  [18658] SELECT `id`, `code_id`, `image`, `created_at`, `updated_at` FROM attachments WHERE code_id=64 ORDER BY id DESC
2015-09-27 23:35:52  [18658] [COMMIT] [databaseId:0]
