2015-10-31 01:17:47 ERROR [931] Local socket error : 2
2015-10-31 01:18:38 ERROR [1042] Local socket error : 2
2015-10-31 01:19:00 ERROR [1130] Local socket error : 2
2015-10-31 01:19:10 ERROR [1201] Local socket error : 2
2015-10-31 01:19:20 ERROR [1266] Local socket error : 2
2015-10-31 01:19:30 ERROR [1342] Local socket error : 2
2015-10-31 01:19:49 ERROR [1413] Local socket error : 2
2015-10-31 01:21:02 ERROR [1542] Local socket error : 2
2015-10-31 01:21:16 ERROR [1623] Local socket error : 2
2015-10-31 01:21:47 ERROR [1734] Local socket error : 2
2015-10-31 01:22:15 ERROR [1828] Local socket error : 2
2015-10-31 01:23:42 ERROR [1953] Local socket error : 2
2015-10-31 01:24:13 ERROR [2064] Local socket error : 2
2015-10-31 01:25:04 ERROR [2389] Local socket error : 2
2015-10-31 01:25:31 ERROR [2483] Local socket error : 2
2015-10-31 01:25:47 ERROR [2553] Local socket error : 2
2015-10-31 01:27:38 ERROR [2718] Local socket error : 2
2015-10-31 01:27:51 ERROR [2804] Local socket error : 2
2015-10-31 01:28:02 ERROR [2890] Local socket error : 2
2015-10-31 01:29:09 ERROR [3090] Local socket error : 2
2015-10-31 01:29:50 ERROR [3203] Local socket error : 2
2015-10-31 01:30:19 ERROR [3292] Local socket error : 2
2015-10-31 01:30:33 ERROR [3368] Local socket error : 2
2015-10-31 01:30:51 ERROR [3438] Local socket error : 2
2015-10-31 01:31:04 ERROR [3500] Listen failed  port:8800
2015-10-31 01:31:04 ERROR [3500] Invalid socket descriptor: 0
2015-10-31 01:31:09 ERROR [3533] Local socket error : 2
2015-10-31 01:33:07 ERROR [3702] Listen failed  port:8800
2015-10-31 01:33:07 ERROR [3702] Invalid socket descriptor: 0
2015-10-31 01:33:10 ERROR [3734] Local socket error : 2
2015-10-31 01:34:05 ERROR [3855] Local socket error : 2
2015-10-31 13:01:03 ERROR [4164] Local socket error : 2
2015-10-31 13:01:19 WARN  [4177] userLogin: Duplicate login detected. Force logout [user:]
2015-10-31 13:01:19 WARN  [4178] userLogin: Duplicate login detected. Force logout [user:]
2015-10-31 13:02:06 ERROR [4397] Local socket error : 2
2015-10-31 13:02:48 ERROR [4482] Local socket error : 2
2015-10-31 13:03:05 ERROR [4557] Local socket error : 2
2015-10-31 13:03:25 ERROR [4627] Local socket error : 2
2015-10-31 13:03:35 ERROR [4690] Local socket error : 2
2015-10-31 13:04:12 ERROR [4778] Local socket error : 2
2015-10-31 13:04:27 ERROR [4847] Local socket error : 2
2015-10-31 13:05:07 ERROR [4943] Local socket error : 2
2015-10-31 13:05:53 ERROR [5032] Local socket error : 2
2015-10-31 13:06:44 ERROR [5128] Local socket error : 2
2015-10-31 13:07:14 ERROR [5207] Local socket error : 2
2015-10-31 13:07:27 ERROR [5274] Local socket error : 2
2015-10-31 13:08:41 ERROR [5439] Local socket error : 2
2015-10-31 13:08:59 ERROR [5514] Local socket error : 2
2015-10-31 13:09:26 ERROR [5600] Local socket error : 2
2015-10-31 13:11:44 ERROR [5795] Local socket error : 2
2015-10-31 13:11:56 WARN  [5804] Reading a socket timed out after 10 seconds. Descriptor:19
2015-10-31 13:11:56 WARN  [5805] Reading a socket timed out after 10 seconds. Descriptor:20
2015-10-31 13:13:46 ERROR [5979] Local socket error : 2
2015-10-31 13:16:07 ERROR [6144] Local socket error : 2
2015-10-31 13:19:19 ERROR [6378] Local socket error : 2
2015-10-31 13:19:32 ERROR [6446] Local socket error : 2
2015-10-31 13:20:44 ERROR [6560] Local socket error : 2
2015-10-31 13:21:15 ERROR [6635] Local socket error : 2
2015-10-31 13:21:36 ERROR [6687] Local socket error : 2
2015-10-31 13:24:41 ERROR [6865] Local socket error : 2
2015-10-31 13:25:09 ERROR [6956] Local socket error : 2
2015-10-31 13:25:24 ERROR [7090] Local socket error : 2
2015-10-31 13:25:42 ERROR [7260] Local socket error : 2
2015-10-31 13:25:53 ERROR [7313] Local socket error : 2
2015-10-31 13:26:16 ERROR [7364] Local socket error : 2
2015-10-31 13:26:41 ERROR [7472] Local socket error : 2
2015-10-31 13:26:51 ERROR [7542] Local socket error : 2
2015-10-31 13:27:09 ERROR [7589] Local socket error : 2
2015-10-31 13:31:50 ERROR [8012] Local socket error : 2
2015-10-31 23:53:15 ERROR [4489] Local socket error : 2
2015-10-31 23:53:26 WARN  [4497] userLogin: Duplicate login detected. Force logout [user:]
2015-10-31 23:57:00 ERROR [4744] Local socket error : 2
2015-10-31 23:57:18 ERROR [4822] Local socket error : 2
2015-10-31 23:59:36 WARN  [4932] Reading a socket timed out after 10 seconds. Descriptor:13
2015-11-01 00:01:32 WARN  [5050] Reading a socket timed out after 10 seconds. Descriptor:22
2015-11-01 00:05:09 ERROR [5265] Local socket error : 2
2015-11-01 00:09:47 ERROR [5648] Local socket error : 2
2015-11-01 00:10:03 ERROR [5723] Local socket error : 2
2015-11-01 00:14:08 ERROR [5976] Local socket error : 2
2015-11-01 00:14:31 ERROR [6056] Local socket error : 2
2015-11-01 00:15:48 ERROR [6165] Local socket error : 2
2015-11-01 00:16:19 ERROR [6259] Local socket error : 2
2015-11-01 00:16:34 ERROR [6330] Local socket error : 2
2015-11-01 00:16:45 ERROR [6397] Local socket error : 2
2015-11-01 00:17:24 ERROR [6482] Local socket error : 2
2015-11-01 00:17:58 ERROR [6565] Local socket error : 2
2015-11-01 00:18:21 ERROR [6649] Local socket error : 2
2015-11-01 00:18:42 ERROR [6722] Local socket error : 2
2015-11-01 00:19:17 ERROR [6815] Local socket error : 2
2015-11-01 00:19:23 ERROR [6870] Local socket error : 2
2015-11-01 00:24:02 ERROR [7120] Local socket error : 2
2015-11-01 00:26:03 ERROR [7282] Local socket error : 2
2015-11-01 00:26:49 ERROR [7414] Local socket error : 2
2015-11-01 00:27:45 ERROR [7599] Local socket error : 2
2015-11-01 00:28:20 ERROR [7702] Local socket error : 2
2015-11-01 00:29:19 ERROR [7821] Local socket error : 2
2015-11-09 00:25:29 ERROR [9654] Local socket error : 2
2015-11-09 00:25:34 WARN  [9666] userLogin: Duplicate login detected. Force logout [user:]
2015-11-09 00:26:23 WARN  [9728] Reading a socket timed out after 10 seconds. Descriptor:13
2015-11-09 00:26:23 WARN  [9729] Reading a socket timed out after 10 seconds. Descriptor:14
2015-11-09 00:26:23 WARN  [9730] Reading a socket timed out after 10 seconds. Descriptor:15
